bcdefgh
ijkl
mnohpqr
nsdthur
irqevwnvx
yxngxzze
AqeBdeC
nDqgdxe
vqeEhr
nvFxGG
qtHdvIh
mnqdt
ghnJJg
idgKhnn
AqGioqLM
iNfetqgdxe
tOnvrdyht
nvrhqcdeP
rhsGqvhQ
ngxeIIh
RSTifvlhrn
nvrhqcdeC
yrxUBAg
nhetdeVB
tOnvrdyhn
oIhGG
nAxWo
edBBhrmMT
HdyrqgdxepX
gxfvAtYYxoe
nAxovqZ0n
yquur
rqyydgR1
Gx2Hh
exrcqe23
ydgvAmhn
o4hhGn
nsxdGhrmMT
5ixr
6vArdngdeq
yIqr0ixxg
gqrBhD
uIheBdehhrdeB
devdndxeXIMn
nAYSJxSfg
vxxldeC
nAxv7l
nAxvl0t
ySSfre
qcq89deB
Yxx66sn
tdZvxHhrht
vqgqGxSBI
MGdlh
~xhGM
Hdvgxr33L
mnohqr
nq3LdeB
yqDghr`
yfMn3L
nsm8dlh
nq3LdeC
oqn4deBgxe
tq3Sc!
vAde3
yqvlJY@qvl
epW#
ep#g
Ahqt$eB
nh%fq^
MAqetGdeB
cxgxrxXGq
vAdze
yqDghrL
rhq&&t
nsxggh*
exHpqM
nsxJJg
y(gohhe
ld*t$e)
rhq&tL
cdGGdchg-=n
ehGGLM
GqnJJg
~fngde_R
hvGds+[
nghr0x
vqgvA0n
cfnd]
nl\ghr
yfGGMMn
vqgvAI
InvxrsdxeZ
vqgvTA
BrpTqcn
vqgvA$e)
vxsMn
cfvA3
nxch{}deB
h%v0G
heVB
sxsfGqrdD|
vxfGtz
Gdnghede)
GdnghedKB
nqHhuur
xig0e
ndcs;'
PrqeeL
xighK
cdnfet0:ngxxt
oqKeq
r4LgAcz
emdvIh
0%grq
oqee"
feBrq,hifG
cqrdpRq
tdZqssxdeght
sfr.Gh
Gdetn"L
vxfGtI
r4LgAcn
R/cfiide
nvrhqcdeBM
&pcqrvfn
nAqcIIh
h%Eh^Gheg
lhHmde
yhvpqfnh
yuqn<qrt
yxc22y
cmde
oqdgdeVVB
WTYXIoAhqg
rhHxGf,dxe
v^xfXtn
nxfFvh
feixrB>ggqyGh
cmd%
ngxXGhe
cd?n
oqmdJJg
iUvlhrn
