bcdefgheicj
fgkc
lhgmcj
ngo
gffbepqfcj
lhgmo
ogej
crlcsfo
bctgeu
ovhj
gufeselgfco
eusbcgocj
pc
wgo
pccu
ocf
pgocj
tgkco
jeofbepqfco
gbc
gllcgheux
hetef
cgoc
qujcbteuc
svufcuj
tgkc
lbvlvocj
crctlf
bclvbfeux
ghhvn
bclvbf
tgeufgeu
owgkcu
ofgskcj
lbvtlf
xcf
lgej
nbvfc
bcscedcj
ncbc
jej
pchecdc
yvbsc
gssvbjeux
yehc
ofbcgtheuc
pvvof
sghheux
wgj
svttcuf
lbvjqscj
dvfc
vllvoc
gbxqco
etlbvdc
svuyvbteux
vpzcsf
eo
ogm
wgdc
olvf
sqf
jeolqfcj
cheteugfc
lvhesmAtgkeux
svtlchhcj
lqpheow
ygeh
svuoejcbcj
bcBqebcj
yvhhvneux
lgskgxco
ochho
nvbjcj
gokeux
bcBqebc
bcxqhgfco
yehco
fchho
jv
nguf
swguxc
nbefc
gjjcj
vdcbocco
lhguo
vyycb
eufbvjqsc
eudcof
crlcsfcj
pcxeu
oexu
gllbvdc
sgbbm
bchgr
lbvdejc
bcgswcj
owqu
heukcj
crshqjcj
ofctteux
eudcofcj
xveux
eushqjeux
pqm
ochh
fbguoycb
fcbteugfcj
bcscedc
vyycbcj
hetefcj
gjvlfcj
xedeux
lqbswgoc
lbvfcsf
lbeufeux
chcsfcj
nvbk
fgkcu
svtteooevuo
eufcblbcfo
jvco
lhgm
svhhgpvbgfcj
nvu
jbvllcj
oqbdedco
xvco
bguxco
ctpbgscj
jeoteoo
pchecdco
jqppcj
ychf
shgj
guuvquscj
bchcgocj
hgquswcj
owvn
bcyhcsfcj
ncuf
swvocu
jeofqbp
swghhcuxc
eufbvjqscj
pqehf
xgdc
ngeh
yvhhvncj
fecj
lbvshgeteux
zveueux
gbbguxcj
kccleux
swgufcj
swvbfhcj
jcdeocj
fwcvbmAfcgsweux
ovgbcj
etlbvdeocj
pbvqxwf
occtcj
ngefeux
gllcgbo
ogux
svufbepqfcj
ycgfqbcj
pchecdcj
xvffcu
gjj
gok
jclgbfcj
xvuc
zqrfglvoc
qoco
nvbbecj
ngbucj
hgofo
ehhqofbgfcj
jeofbgsfeux
nbeffcu
wcgb
wgdeux
oef
euoeof
cuzvm
lqbxcj
ocbdcj
gssvtlguecj
Co
ehhqofbgfc
swvvoco
lgooco
hepcbgfcj
tgugxcj
fbgjqsc
lbvtvfeux
bctgeueux
bczveu
hvppmeux
bcucxc
jclgbf
fweuk
ofgm
hcyf
xvf
jbcn
qusvdcbcj
czcsfcj
ocuf
fbgsc
gswecdeux
svufeuqc
tcguo
lgm
xedc
vphexcj
kvnfvn
phvsk
svudcbfcj
wchj
swcn
oqpdcbfcj
nvujcb
gjteffcj
qujcbteucj
wvhjeux
jcdeoc
oqbdedc
occto
jvvtcj
cjqsgfeux
gdvej
bclhgsc
jebcsfo
nvbkeux
swguxcj
fvhj
svufeuqeux
bczveueux
pvfwcbcj
gxbcc
bgeoc
ochheux
vnuo
zqofeymeux
occ
olguueux
owvno
tqjjhcj
jchedcbcj
tgjc
ycgb
shvqj
jcdchvlcj
sbcgfeux
eovhgfcj
lbcdcufo
lbcdcuf
ycbfeheieux
ycbfeheicj
lbvjqseux
lvoocoo
kuvnu
occu
lvhhcuAlbvjqseux
gswecdcj
tgkeux
ovn
lvhheugfc
qoeux
mechjcj
lvhheugfcj
xbvnu
gllhm
gffgswcj
shel
cuxgxcj
lqhheux
euocbfcj
svuycb
ofcbeheieux
crlbcoocj
jcdchvl
jcgsfedgfco
wqbf
lqhhcj
lbvjqsc
ghhvncj
tgfqbc
jesfgfc
olbeuxeux
kehh
hcgdeux
sbvooAlvhheugfcj
sbcgfcj
qocj
gssvttvjgfc
crlcbetcufeux
eushqjc
lhgufcj
vpdegfc
svofo
olqbbcj
eudvhdco
oqllvocj
jgtgxeux
vdcbsvtco
jcdchvleux
svufgeueux
olbcgjo
eufcbycbco
sghhcj
sgbbecj
bctgeuo
cuxeuccbcj
tcgu
sbcgfc
ofcbeheic
ucxvfegfeux
gsBqebc
fbm
pbccjeux
cbqlfcj
lqffeux
Cbc
oBqgbeux
pceux
fbexxcbcj
gffctlfeux
vbxgueic
hcj
lbcooqbeux
wchl
bcsvdcb
vnucj
lqf
bclgej
bcyqocj
yvbseux
lvoflvuc
pgbbcj
sgofeux
uccjo
svtc
ghexucj
bgeoeux
osqffhc
hgowcj
xqgbgufccj
pgeh
gt
phgsktgehcj
lbcooqbc
pgukeux
beoeux
hvncb
oclgbgfc
xqgbjeux
pbcgk
occkeux
vlcu
sglfgeu
vllvoeux
bqu
fbecj
ofbcfsw
ofgbfcj
qoc
gffbgsfeux
ofebbcj
bclvbfcj
owvnu
ugtcj
oqssccjeux
bcoexucj
tgugxeux
sbvqswcj
osvvlo
yhelo
owgxo
fwbvno
xbvnho
wgujhcj
wgujhco
ogmo
bcdcheux
tvjchcj
eudvhdcj
Bqef
ycch
bcshget
lvuecj
ofcl
lvbco
jvuo
yechj
jbcgt
cujo
ofvllcj
ohel
gqfvxbglwcj
wvlc
zveu
lgsk
hmeux
vyycbeux
bcolvujcj
svtlcfc
wqbh
otvhjcb
pqbu
bchedc
swccb
bcsglfqbc
lbvdc
hvvkcj
exuvbcj
shgeto
jbvdc
lefsweux
lbvdco
ofgmcj
nghkcj
yvbscj
vyycbo
wqofhco
oelleux
bcsvqufo
xcffeux
lvl
cuj
bclcgfeux
bcexueux
jeohekc
occeux
bctctpcb
bquueux
jeogxbcc
fbgeueux
nvbkcj
gllcgb
Ct
hvvk
dvno
jvffeux
lbclgbco
lbvteoco
kuvno
gjzqofo
sbvnjo
fweukeux
ogdvbeux
pvqusco
crlcsf
hgqxwo
ofvhcu
kuvn
ohejc
svuscjco
fwbvneux
fwbvn
hvof
ofqyyeux
gjtefo
pcsvtc
svtlcuogfc
hcgbucj
kccl
tvdc
hvdc
uccj
crlcbecusc
vnu
jeoshvocj
wvhjo
lbvdejco
crcbseocj
fvfgheux
pqehj
lvncbcj
svtlhcfcj
dghqcj
crswguxcj
crsccjeux
gllveufcj
bcfebeux
vlcbgfeux
bclbcocuf
fbgjcj
lhgscj
yeuguseux
dgbm
lvofcj
sgllcj
lbescj
guuqgheicj
bvoc
gsBqebcj
qujcbdghqcj
goovsegfcj
sgqocj
Bqvfcj
gokcj
shcgbcj
gxbcceux
bctvdc
bcheuBqeow
bcofbesfo
crlebco
gooqbcj
bcovhdcj
yebco
fbmeux
gtgoo
pej
hvppecj
heyf
eudvhdc
sgqxwf
yexwf
hcf
okmbvskcfcj
fbgjeux
shvocj
dghqco
ovgbeux
hguxqeoweux
vpocbdcj
ngufo
lgmo
gxbccj
owqf
zqofeym
lgmeux
ofgbf
svuoqhfcj
oqblbeocj
ctlwgoeicj
bclbcocufeux
dvfeux
uvfcj
sghh
pcucyef
tvdcj
ncgkcucj
jcsheucj
svuoejcb
crlhvbc
oqxxcofcj
bcgl
cuoqbc
owvskcj
svuoqhfeux
fgkeux
gssqocj
pgskeux
bcfgeucj
bcyhcsf
owcj
pqyycfcj
ohvneux
ygdvb
ghhvneux
lbcshqjc
weufcj
guoncbeux
shcgb
svtpeueux
lbvzcsfcj
svufeuqco
yexwfeux
jcdvfc
oqssccjo
ofguj
bcoexueux
lqboqc
bcfgeu
cujcj
svtlgbcj
ychh
ovyfcu
bcfbcgfeux
gssvquf
owvncj
fvfghcj
bcpvqujcj
ochcsfcj
cofetgfcj
gjdguseux
vqfuqtpcbcj
fgbxcfcj
lqowcj
ygehcj
gffbgsf
bctgeucj
pvqxwf
bqheux
gyycsf
heofcj
shvoc
bcgj
owvneux
eusbcgoeux
gffbgsfcj
olgbkcj
xgeucj
oweyfcj
fqbucj
yeueowcj
svtyvbfcj
ngedc
jbgxxcj
bcgsweux
oqolcujcj
gpvheow
ofghkcj
jcoexucj
oswcjqhcj
crlebc
ngedcj
ghfcb
pgu
heofcueux
shgbeym
wchlcj
lbvlch
svufbepqfeux
hcgjeux
sghsqhgfcj
cBqgheux
svuyebt
hcgdc
wef
bcsvdcbcj
eufcujcj
tcgoqbc
eujesgfco
crlguj
bcugtcj
bcyhcsfeux
hescuoco
wcgjcj
tgfsweux
oqbxcj
lbvzcsfeux
tguqygsfqbc
euofghh
tgehAovbfeux
ovbfeux
yehheux
ugteux
oqssccj
fbgsko
bcgsfcj
gjzqofcj
bquo
hgx
oqbdcmcj
bcgsw
hcgucj
ngufcj
bejc
eufcbhvleux
bclbcocufcj
ctpvjm
svtco
yeujeux
hef
osvyycj
eufcbbqlfeux
xv
neuo
pghhvvueux
lgoocj
onchhcj
gffbgsfo
owglcj
bcoctphc
jcuecj
yccheux
oexucj
fchh
bcBqebco
wgfc
pghhvvu
goscujeux
bcycbbeux
fghkeux
olcgko
bcycbbcj
pcxgu
vssqb
sgtc
ngfsweux
euyhgfc
ofgujeux
jcsejeux
yhm
wvhj
wvhhcb
jbeyfeux
beoc
gtphc
kclf
lveufeux
oBqeufcj
svteux
ofccb
wcgfeux
gdcbgxc
sbqeoeux
jcoscujeux
jveux
weoocj
gffcufevu
mchhcj
lhquxcj
hcgleux
ncgbeux
hgqxwcj
yebcj
heyfcj
osqffhcj
bcof
osbgtpheux
osbgtphcj
ofqsk
cuheofcj
lqhh
bcujcidvqocj
ngfswcj
jeogooctphc
eushqjcj
mgukeux
lqusweux
bvhheux
sbgtteux
Cj
jbedeux
tcguf
bcfqbueux
tgqh
ogf
uqboeux
yexqbcj
shgtpcbcj
ofbcgkcj
bcoeof
bcgbeux
oghqfeux
jcycujcj
jbedc
ogmeux
teueteic
fcofeymeux
eufcbdcucj
bcjqsc
lbvdvkcj
quweuxcj
bcolvujeux
nvbko
bcsvxueicj
bcofbgeu
bcoqbygscj
jeoocufcj
pcsgtc
lqow
otvvfw
euyhqcusc
fcofeym
euoeofeux
gbxqc
gjvlf
gskuvnhcjxcj
wcgjo
bcfebcj
svtlhgeueux
lqoweux
getcj
bcxeofcbcj
crgteuc
ejcufeyecj
nvbbm
lcboqgjeux
fweuucj
eusbcgoc
bcfgeuo
svuscbucj
bgeocj
gffctlfcj
svtlhgeucj
lbcocbdeux
pbeuxeux
nbcofheux
jcyeucj
ncexweux
svtlhesgfcj
gbxqcj
jcofbvm
hvoc
hekc
phvskeux
jcyeueux
euoeofcj
crctlfeux
pqjxcj
bcovhdc
oqolcsfcj
vdcbofgfeux
ctcbxc
jcfcb
occt
fwbgow
jchgm
pgsk
teoo
goko
deoefcj
lbcooeux
pcsvteux
ucxvfegfc
eudvhdeux
lqbswgocj
crshqjco
ctlhvmcj
geteux
jeosqooeux
pvffheux
bcyhcsfo
yvsqoeux
hvvko
occo
xbvneux
bcoqhfeux
gxeux
ofbqsfqbcj
gsBqebeux
fcujcj
xedcu
xedco
yvhhvno
owgbeux
ofbcuxfwcu
gjtef
fbgjc
gllbvdcj
svufbvh
ofbcuxfwcuo
creofeux
bqhc
hcgj
yheco
yvbtcj
svufbvhheux
lhgmeux
bejeux
cusvqbgxco
cuxgxc
fbcgfo
vlcueux
dcfvcj
gssclf
eushqjco
yvqxwf
tccf
vdcbbejc
pvvofeux
svqlhcj
webcj
fbgeucj
tvdeux
etlhvbeux
svtlbvteoc
bgukeux
gllcgbcj
wcgjeux
ngfcbcj
fwvqxwf
svtlbvteocj
jvuc
sefcj
vllvocj
crlhvefcj
jeolhgscj
hvncbcj
jvnuxbgjcj
jcsheueux
xcucbgfeux
ygscj
jeolvoeux
svuscufbgfc
bcgooqbc
yeugusc
tguqygsfqbeux
qlxbgjcj
wvdcbcj
wgehcj
nvbocucj
gllhecj
shetpcj
hcuj
ohvncj
beocu
yghhcu
lbvuvquscj
oqllvbfo
fgkco
cofgpheow
tcgoqbcj
sghsqhgfc
bcjqscj
fbgsk
yvquj
lbcycb
pbeux
bcoqhfcj
hetefo
feco
oqpteffcj
bguxcj
gqsfevu
nbefeux
eudcuf
jcosbepcj
oleuo
sgfsw
ofcgheux
ocgbsweux
lcucfbgfc
svhhcsfcj
lbvteocj
jbgno
hgmeux
jeosvdcbcj
oqpofefqfc
shcguo
hgej
cufcb
osguueux
bgu
onefsw
wchleux
fbgscj
pbcgkeux
hgm
tvuefvb
jeosvdcbeux
bexxcj
ghcbf
ohclf
lgneux
gbvqoeux
jbgx
ohvn
ybqofbgfc
fguxhcj
hcgbuo
heukeux
fvvk
fbgseux
eudefcj
pbecy
ogdvbcj
osvhjcj
svuovbfeux
qudceh
guuvqusc
oqllhm
svof
lbvscooco
lbvscooeux
ctlhvmo
ncjxc
jctvuofbgfco
pgffhco
ctcbxeux
olccjo
oetlheymeux
gtvquf
owelleux
lbvxbgt
svtlcfeux
lbvscoo
pbcneux
gjjeux
gjdeocj
gpgujvu
eooqcj
svqufcj
crctlfcj
tccfeux
ghhvno
eooqc
tcbxc
olcuf
jcfcbteucj
jeofvbf
bcBqebeux
lbvdejcj
jqtl
vlcbgfc
svuucsf
Cdc
pqhxeux
jvqpf
jbedcu
yexqbc
jeosgbjcj
oqpzcsfcj
jbgn
lqpheowcj
fccteux
shellcj
bclcgfcj
lqfo
crlbcoo
tccfo
jeosqoo
nccleux
yexqbco
bceudcuf
vqofcj
svufbvhhcj
gooqteux
jcshgbcj
pvvofcj
cgbucj
bcoqhf
bcsvbjcj
bclgm
gjdguscj
crcbseoc
svuoeofo
vlcbgfcj
svtlhcfco
vnco
vncj
hvgucj
pgskcj
uvfc
euuvdgfcj
lgskcj
gjvbucj
tgbswcj
yhvneux
wcbghjcj
ocgfcj
pcwgdcj
eujesfcj
ghhcxeux
bguxeux
lgeuf
wgujcj
crfvbfcj
tqoshcj
pqhhecj
lhvffcj
lbcocufcj
vpfgeu
tgeufgeucj
wgbgoocj
wvqujcj
sbvoocj
shgetcj
swgqyycqb
tvn
swvl
yer
jbvl
yccj
swgbxcj
jvqphcAsbvoocj
bcucxeux
lvskcfeux
oqttvucj
yeuj
fcofeyecj
lcujeux
jcueco
phgtco
guxcbcj
ofcllcj
ocbdc
ghecugfeux
bcocgbswco
tvquf
oqllvbf
etlqxu
xbgjqgfcj
ocbdeux
jedvbscj
tgbbecj
lbgsfeseux
bcAchcsfcj
dvfcj
bgfcj
eufcbdecneux
bcyqoco
fghk
xbgol
olvkcu
eudcofexgfco
svqufcb
svtlhgeu
owchhcj
bclgmeux
jqskeux
ygsc
gngbjcj
ycgbcj
bcolvuj
eufcbdecncj
lbeufcj
pefeux
hedc
jgusc
ocghcj
lbgsfescj
oellcj
osbeppheux
vbjcbeux
ofvl
zgehcj
jcyecj
crfcuj
sefc
lbcoejeux
oqolcsf
yeheux
jeolqfc
yvsqocj
lbcAgllbvdcj
ofvvj
jeogdvncj
bclvoocoo
eufcbdcuc
eusheucj
bcsvuoejcb
swvoc
crfvbf
gsBqecoscj
bcyeuguscj
gssclfcj
bclgeb
bcovhj
hvncbeux
jcycuj
svufcujo
bcfqbu
uvfco
yehcj
fbettcj
nefwjbgnu
cdejcuscj
gngef
vdcbyhvneux
bcgjeux
lhcgoc
gllbvdco
svtlehcj
mechj
osghcj
lhguucj
svuoeofeux
bcocf
yhvgf
fbcgfcj
sghsqhgfeux
etlvocj
bclbcocufo
vdcbsvhhgfcbgheicj
svdcbcj
svdcbeux
ofgfcj
eujesgfeux
sgbbeco
shvoeux
yercj
gooqbc
ocbdco
jcsejc
vnc
heBqejgfcj
pbvkc
bctvdco
ofbellcj
bqhco
wcgbj
wcgbeux
fqbueux
gllcgh
bcxgbjeux
heBqejgfeux
jctgujcj
ocffhcj
bvhh
nchsvtcj
pqmeux
lvvhcj
lgskgxcj
yhvn
ougl
tgbko
owquucj
pqbucj
deoefo
crlhgeu
jbqt
gpvqujo
jvqphc
swguuch
swguxeux
eudcofeux
gqfwvbeicj
gsf
svuoejcbeux
gooqtcj
crsccjo
jellcj
lbclgej
yvbsco
bceudcof
qujcbofguj
svtlvqujeux
lvocj
ofccbcj
phgskofvuc
xqgbgufcco
bgxc
gsBqebco
bcjcctcj
svushqjc
crlcbecuscj
wgbt
hcffeux
jcycgf
jcfcbbeux
bcjqsco
cdghqgfc
eooqeux
etlbvdeux
bguxc
jclcujeux
cheteugfcj
svdcbo
svufeuqcj
neu
svufbvho
ycqjeux
jeoghhvncj
vdcbfqbucj
gtvqufcj
occko
cufcbeux
yvsqo
jeoteooeux
gdvejcj
sbefeseic
cusvqbgxc
swvvoc
qbxcj
bcybgeu
xbcn
ovqxwf
eufcuj
svvlcbgfc
eufcbycbc
bchm
vlcucj
uccjcj
hvsgfc
oqxxcofo
tgeufgeueux
zqtlcj
sgfglqhf
hgxxcj
jcoexueux
jcsejcj
bcjcdchvl
pqjxcfcj
oexughcj
wqbhcj
ogpvfgxc
lgbfeselgfc
oqblgoocj
ongl
onvbu
wcgj
vdcbocc
cuzvmo
jbgnu
qubgdch
webc
yqhyehh
bclgebcj
crshqjc
oweueux
xcfo
lhcgjcj
svuolebcj
svdcb
cdgjc
swgbxc
devhgfeux
lbvwepefo
lhcgj
bcetpqbocj
yqujcj
wejeux
eujesgfcj
vdcbogn
jecj
hcgbueux
qusvdcbeux
ofebo
ocuj
ocgfeux
tvqufeux
tgbkcfo
jbeuk
Bqcofevu
ovgkeux
ogdvb
xqiihc
ocfo
lbvtvfc
ogdc
svusvsfo
fbetteux
tehk
pqskeux
tgbkcf
svtlgbco
fcofcj
fgehvbcj
svlm
pcxeuueux
wvucj
fvllcj
hgqusweux
webeux
ofbvhh
olvbfeux
pvbbvn
uercj
yvsqoco
fbgeuo
gjdeoc
tvfedgfc
lhgu
fcofo
pbcncj
kehhcj
lqboqcj
lqboqeux
yhvnu
bqhcj
jcfcsfcj
ngbueux
oqbdedcj
hedco
yvqujcj
lqpheoweux
sgfcbeux
svudcbf
olbcgjeux
yquj
vbxgueicj
oefqgfcj
vpfgeucj
pcxxeux
ctlhvmeux
jchdcj
svushqjcj
fbguoycbbcj
jcgh
eugqxqbgfcj
gffcujcj
svuscufbgfco
lbvdcj
eudcofexgfc
wgbgoo
bcyvsqoeux
crlgujeux
ucxvfegfcj
olbcgj
ocffhc
jclhcfcj
bcfbgeueux
sbvllcj
ohgowcj
sbellhcj
yhmeux
xqgbgufcc
fbguolvbf
sqffeux
gbbcofcj
eufcbbvxgfcj
wvuvb
phgtcj
jbgyfeux
jcctcj
svujctucj
yvbtqhgfeux
bcdcbfo
uqhheym
svuyebtcj
jeosqoocj
occk
oexueux
cofgpheoweux
hvgu
bcsvxueic
cofgpheowcj
lgbfeselgfeux
jeopqbocj
oqptef
ghhvsgfcj
lbgeoeux
pguucj
jclbedc
bgfeyecj
eusbeteugfeux
vbjcbcj
fqbu
lbvdejeux
devhgfc
yhcj
ctpciihcj
svuscghcj
vdcbsvtc
ghhcxcj
lcbtefo
bcyqoc
yvofcbeux
lbvfcsfo
fwbcn
jcfcbteuc
jebcsfcj
devhgfcj
lbvocsqfeux
gjdeoeux
ofgyycj
olcsegheieux
svuscufbgfeux
fgl
cuxgxco
oqcj
ocxbcxgfcj
jcfcbteueux
crlgujcj
tcbxcj
lbvlvoco
svhvbAsvjeux
gqfwvbeic
vbjcb
ygeho
jcgheux
fwbcgfcucj
ygsco
oqpfefhcj
xvdcbucj
nvbc
heofeux
dvesc
olvkc
olcgk
gpvheowcj
euofefqfcj
jbcoo
yvbpejjeux
yehhcj
osbgllcj
oqux
yvhhvn
hvvocucj
hcgjo
jeosvdcb
jbvlleux
ogxxcj
lbcvssqlecj
zveucj
gooexucj
bcsghho
wvleux
olgbk
deoef
xgeu
swcsk
gbbedcj
ycgbeux
hekcj
bcyqbpeowcj
pvbbvncj
tvdco
bcoeofcj
ucxhcsfcj
pcxqu
bcdgtlcj
svtlcfco
bclhgscj
oBqgbcj
pcxeuo
vqfochheux
xbgppcj
ycgfqbeux
ofmheux
euolebcj
ofmhcj
etlbvdcj
bcsvql
gjjo
quhcgowco
pbeuxo
hcgdco
fbgeho
wvlco
swcglcuo
hgquswco
levuccbcj
gjdcbfeoeux
xcucbgfcj
ocujeux
ogn
svuycooco
svlmeux
xcucbgfc
gyyvbj
cgbu
pqehjeux
pcgf
vbxgueieux
vdcbocceux
yvbt
jeoshvoc
lbvjqsco
jeofbepqfcj
svujqsfeux
ghfcbugfeux
jeobqlf
guuvquseux
gsBqgeufcj
pvhofcb
sbefeseicj
bcgsfeux
jgtl
lbgeocj
gbbguxeux
tcufevucj
qbxeux
wvlcj
xbvn
lbvlvoeux
sgqfevucj
ngufeux
lgoo
lbcoo
bcsqbbeux
euefegfcj
fbguoyvbt
qbxc
hvvocu
jbgyfcj
oqxxcofeux
lbcscjc
hcujeux
tgbkeux
fvlleux
vqfheueux
owvbc
vqfheucj
chgpvbgfc
jbgxxeux
euofexgfcj
bcucncj
gyycsfcj
ogycxqgbjcj
svuofbqc
jeogxbcco
teuj
cBqgfc
sgqoc
gpcffcj
jcxcucbgfc
hvvkeux
gffgsw
xghdgueieux
gooqtc
lbvfcof
hec
jeco
gebeux
gllcgbeux
swgeu
bcyquj
hvoco
etlgeb
lvlqhgbeic
wmlvfwcoeicj
bvvof
eufcbdecn
wgbto
jeovpcm
wejc
swgbgsfcbeicj
oqllvbfcj
cuoqeux
ncexwf
gjteueofcb
wcgheux
lgbjvucj
jcshgbeux
lveuf
ofgujo
lbcycbbcj
jgtgxc
cuwguscj
leskcj
qljgfc
ofgbfo
crsqoc
gqjefcj
oetlheym
yghh
tvjeyecj
pgsko
svbbcsf
qbxco
olchheux
cugsfcj
bclvbfo
svtlbeoco
gjdeoco
gyycsfeux
lgffcbucj
ofgmo
Bqgheym
cufcbcj
fwngbf
devhgfco
ychhcj
bvjc
ncexwo
ofct
pbcj
nghkeux
jcjqsf
bczcsfcj
ugtc
svtlhesgfc
crgteueux
vdcbfqbueux
lbcjgfco
svhhcsf
sghho
oejcj
xbgufcj
ofbekeux
bcfqbucj
tgbkcfeux
ohgoweux
pcgfeux
zveuo
jeoovhdeux
wcoefgfc
crsvbsegfc
tchhvncj
cswveux
lgtlcbo
eudefco
ofbvkco
jchdco
yef
bcfebc
lgbeux
tcbxeux
tcf
swelleux
jbvlo
ofbqsk
eufcxbgfc
bcjcyeucj
gssvtlheow
neoweux
Bqellcj
bclhgsco
vlfcj
olcuj
wvolefgheicj
fweuueux
jeolhgm
jgbc
fvqsw
okelleux
qujcbofvvj
bqofesgfcj
teooeux
bcpqehjeux
lbcjesfcj
eujqofbegheic
hepcbgheic
yghheux
tgugxc
bcofbqsfqbcj
oqofgeu
ogfeoym
svuoqtcj
fgskheux
wqbfeux
lbcocbdc
wvof
owgbc
jeolvoc
hvbjcj
jeteueowcj
oBqgffcj
fbeco
lbcfcuj
hgof
lqhho
oqllvoc
yehh
cugphco
kuvsk
jeosgbj
fbgdchcj
nvkc
tvuefvbcj
crlhgeuo
xghdgueicj
ofqjmeux
fwbqofeux
eujqsc
lvoefevucj
iel
gsfedgfc
fnefsw
cugphc
tcgoqbeux
oBqccic
ofetqhgfc
eujesgfc
lbcocbdcj
lcbyvbtcj
bcfbecdc
sgqfevu
zcbkcj
ofqjecj
svujqsfcj
fcofeux
lbvpeux
bcvbxgueico
bcdcgh
bcxbvql
crlhvbeux
yhgow
zvhfcj
fetcj
bcsghh
crshgeto
guoncb
zcvlgbjeic
oqttvu
svhhgpvbgfc
svujqsf
lbvteoc
lbvheycbgfcj
svttcbsegheieux
pvhofcbo
yvofcb
olccj
ocbdesc
pqsk
phvnu
oeux
lbvwepefcj
ygseux
svquf
bguko
gjtebco
ocujo
yeugxhcj
oqssccjcj
svuoqtc
ncexw
yghho
lbcoocj
gxbcco
gllbcsegfc
ofcto
zqbmAbexxcj
bcjcyeueux
sefco
xgeuo
sgfsweux
wcgbfcucj
ybcfo
sbgsk
fqtpheux
fvucj
lvhhcj
fbcujeux
yvbcsgof
lbcjesf
cgoco
euyhqcusco
jbgeueux
swgbxco
pvhofcbeux
tgbkcj
lbcooqbcj
bchgrcj
kuvskeux
ycj
jgtleux
bcxgeu
beoco
jcsheuc
pbvkcu
crlhgeueux
hcdch
svufcujcj
yefo
okej
uvfeux
oexugh
qujcbleu
bclcgh
fcujo
fgrcj
olcseym
jeogllcgbo
bclcghcj
svudeusc
ofbgm
cufcbfgeucj
ofbgexwfcu
ofcttcj
cudeoevu
cswv
bcofgfcj
tqowbvvtcj
crsccjcj
crgteucj
ofbcuxfwcucj
ohccl
cusvqufcbcj
ucffeux
bcheowcj
jctvuofbgfc
lbvsccjcj
osgbcj
hvskcj
crlebcj
svtpeucj
jedcofeux
wgsk
cheteugfeux
pvgofo
bcyeugusc
ghhcxco
teobclbcocufcj
svuscbueux
yvbkcj
oqbbcujcb
jgtgxcj
jclbedcj
pgbxgeucj
ofeskeux
bcucneux
cjxcj
gdcbgxcj
ohellcj
bcgheic
bclch
jcosbepeux
ngbj
onccfcucj
fcujcb
lbvsccj
heyfo
tvjeyeco
bcofbgeueux
fexwfcu
cuhgbxc
euoqbc
lcboqgjcj
jcclcueux
cuoqbeux
lbcjesfeux
neuj
wgllcucj
ovhdcj
fvmeux
ovqujo
bczcsf
ctlvncb
decn
owvdc
bcBqcofcj
zqjxcj
cujeux
heco
shcgu
yvbxcf
bcyvbtcj
ybvicu
wctvbbwgxeux
ovhdeux
exuvbeux
lhguueux
bcofbqsfqbc
jvnuoeicj
vlcbgfco
wghdco
ofbedeux
crlcujefqbco
ofesk
wghdc
ocBqcofcb
jcfgswcj
jeosvufeuqcj
bqtvbcj
bcofbqsfqbeux
vdcbwgqh
ybqofbgfcj
ovquj
bcAcrgteuc
hgsk
bqow
swgtlevu
olcujeux
gjjbcooeux
svufgeu
ycgfqbc
yqcheux
cBqgh
cofetgfco
cbvjeux
oglleux
svtlhgeuo
jcyhcsf
osvyyo
ovsegheic
goocbfo
lbclgbcj
bcdgtleux
hgsko
ofbqxxheux
jeotgufhc
lbcocuf
bcdgtl
fbexxcb
ctpbgsco
jbgyf
hetefeux
ngbuo
jcyeuc
bcjcyeuc
sqfo
etlvoc
hgqusw
hcgocj
cofetgfc
ctlhvm
hcgoc
svtlhcfc
vpfgeueux
owgleux
olqb
wgllcueux
bgukcj
lbcocufo
jcsheuco
crlvbfcj
oqpfbgsfcj
tguqygsfqbcj
ogdeux
gjzqofeux
gssvqufcj
jehqfc
pgbbeux
eusvblvbgfcj
swghhcuxeux
bcoseuj
bghhecj
cgfeux
oexugheux
weujcbeux
jbgneux
pcgfo
bcfqbuo
hescuocj
ovgb
sqbh
fexwfcucj
jchgmcj
qujcbosvbcj
olqbfcj
shetpeux
hcglcj
eusbcgoco
bcyvsqocj
nefwjbcn
gpgujvueux
svtpeuc
pqvmcj
pcffeux
svuyebto
jclbcoo
hgpvbeux
bcgswco
sefeux
svtlhm
bctvdeux
svttcuseux
bcjqseux
tcufevu
nbglleux
cdvhdc
phgukcf
fbqtlcfo
crlbcooeux
lvbfbgmeux
yvqujeux
jvdcfgeho
eudvkeux
nvveux
ohgeu
etlhecj
jbglc
fvqfeux
otvkc
mgukcj
hexwfeux
vqflgscj
ngfsw
pvbc
bcpvquj
olcsegheico
jvteugfc
oguk
crwgqofcj
lqttchcj
tgfqbco
ohvno
shget
jedejcj
vqflcbyvbt
olhef
swqbu
gllbcsegfcj
svufgeuo
hgxxeux
fbgjco
fcuj
ofghhcj
bghhmeux
osvqb
wghfcj
wgujhc
fvfcj
ohej
jchgmeux
oqyycbcj
heuxcbeux
lqowco
svtlhcfeux
ogdcj
eusvblvbgfco
euoqbcj
ygsehefgfc
oqpoejeicj
yvbxc
etlvoeux
oBqccicj
bcovbf
crsccj
pbccj
dcofcj
svuovhejgfc
bclqbswgoc
jcjesgfcj
hvdcj
lesk
vnueux
tgreteic
fqbuo
svufctlhgfeux
ucfo
oleu
bcdcboco
olqu
bcsghsqhgfeux
bcsvttcuj
shgooeyeco
Bqvfeux
etlcbehcj
ycfsw
tgreteieux
vbkct
euyhgfcj
yquuchcj
lvbfbgmcj
gsfeux
bchgfeux
ovhesefcj
lmbgtejeux
oceicj
lgbfeselgfcj
lveufcj
ghhcxc
svtteffcj
otchho
ogtlhcj
jctguj
jcum
yhgm
bcxqhgfvbo
ngefcj
lhgsc
hvgjcj
jvugfcj
bcsmsheux
owbcjjcj
svufgeucj
gbvqocj
bcxgbj
bvhhcj
jeosvqufcj
bcscedeux
tvjcbueic
etlgsf
bcdcboc
svudeuscj
ofvskeux
bcjcct
tgfqbeux
crfcujeux
gpgujvucj
bchgfcj
jeosvufeuqeux
sbvooApbcj
jqlhesgfc
quhvskcj
fbguolhgufeux
bclbvjqscj
pvbu
shvucj
yhvgfcj
fghkcj
gllhmeux
xbguf
bcdcbocj
ycuj
lbclgbc
svuoeof
qujcbnbeffcu
cusvqbgxcj
olccjeux
ugbbvn
bcoqtc
ofbcgtheueux
lgooeux
gssvtlgumeux
jeooqgjc
lbvxbcoo
gooeof
cdghqgfeux
svtlgbc
gooeofeux
bcofvbc
bcfbcgf
teteso
oqbygsc
pgffcbcj
decncj
sbcgfco
bcucno
sqbfgeh
scgoc
lbvyef
tguelqhgfcj
yebtcj
olcsqhgfcj
oqbygscj
bcsvttcujcj
gssqtqhgfeux
hvoeux
qudcehcj
bcvbxgueic
onccleux
oceieux
sbqow
svuyeosgfcj
hcxgheieux
ofgxcj
lvoflvucj
svujctu
sgusch
bcdecn
xbellcj
sgbbmeux
ochcsf
pvmsvffcj
dvncj
vqof
jeoteoocj
lvoocooeux
crlhvjcj
kehheux
euzqbeux
nbcskcj
cosglcj
hgoweux
bceuofefqfeux
bgxcj
pguueux
bcAcofgpheoweux
lcucfbgfcj
tcgueux
sebsqtdcuf
scgocj
vyyocffeux
lbclgbeux
bcocuf
svudeuseux
sqbpeux
bcheowco
tetes
yhcceux
lbvlvoc
xcgbcj
nbcskeux
lcboeofo
yvbtqhgfco
bcdedeux
hvvto
lhcgjeux
bcdcboeux
vyyocf
ofgxxcbcj
cgocj
lgdc
sgof
ohgfcj
fgllcj
leulveuf
fbexxcbeux
gbbedco
osghc
lbvtlfcj
vssqbbcj
jcfcbevbgfcj
vdcbovhj
pvquscj
hexwfcueux
eusw
vdcbnwcht
lcbtef
fbet
bcvyycbcj
eufcblbcfcj
gngefcj
lqpheowco
jchedcbo
xvdcbueux
oqlcbscjc
oqlcbscjcj
ofgbfeux
eufcujo
pqbjcucj
tgxueyecj
oqbbcujcbcj
lbvyefcj
cbvjc
eudefeux
cufefhco
nefwjbgn
jcoexu
crlcsfeux
ngef
ygeheux
jchedcb
svttcuscj
shgeteux
gjdcbfeocj
oqpofgufegfc
ocffeux
fwbedc
bcdedcj
bcdcbpcbgfeux
sbccleux
ejheux
svvhcj
nvbbeco
swcncj
yhvqujcb
crlhvjc
fchheux
kcclo
weffeux
ygdvbo
ctlwgoeico
wvlo
fweuko
lvof
hekco
scgoco
gtgic
fbedegheic
oqxxcof
gbeoc
hcgbu
neow
xbvno
kucn
dcbeyecj
fwbcgfcuo
xbccfcj
tqtphcj
jeosbcjefcj
qujcbfgkeux
yqujeux
bcsvxueieux
Bqvfco
eudvkco
leuueux
ofvbc
Bqcofevueux
jcfgeheux
bcBqcofeux
bcdecneux
vqfheuco
pvvkcj
gsfcj
vdcbhvvkcj
kuvneux
ygoseugfcj
ofbgeu
gbvqoc
qujcbnbefc
swghhcuxcj
oclgbgfeux
vteffcj
fbgdch
lcjghcj
olvffcj
tgooAlbvjqseux
euuvdgfc
gssvtlheoweux
bcsbqefcj
ctlwgoeieux
heucj
bclhgseux
owgdc
ohgow
eufcuoeymeux
eudgjc
fgbxcfeux
gssvqufo
fbelhcj
svuovhejgfeux
tguqygsfqbco
svuscjcj
jclcuj
qudceheux
bcxeofcbeux
oejcheucj
qujcbheucj
zqtleux
ofbcgtcj
yqchcj
crfcujo
dghqeux
jngbycj
cuwgusc
oqbdedeux
sglefgheicj
yehho
dgsgfcj
jcfcbevbgfeux
lhquxc
cucbxeicj
bcyqujeux
jclcujo
lbvllcj
wgttcbcj
gqsfevucj
ugbbvno
nejcuo
jgfcj
fqtphcj
ocsqbcj
oqpvbjeugfcj
nejcueux
lbesc
yhvgfeux
hcdcbgxcj
goocoo
uqtpcbcj
crlhgeucj
fcujcbcj
crfcujcj
uvfesc
pvfwcbeux
tgbdch
wcexwfcu
jehqfcj
lexxmpgskeux
olcujo
lqtl
wchlo
jcfcsf
ejcufeym
Bqgufeym
jcsbcgoeux
jcpgfcj
jcshgooeymeux
jcbedcj
ofeuxeux
svuscbuo
lcboqgjc
gbvqoco
swgbxeux
qujv
ocsqbc
xgeueux
cufneucj
lwgoeux
xgqxc
svtlvocj
swejcj
sbcjefcj
pvbcj
shgowcj
gfc
bvn
fvqswcj
bvncj
pvbeux
nghk
lvlqhgfcj
lbcjesfo
lcjjhco
yccho
lveufo
svuzqbco
euBqebeux
pvquj
crgxxcbgfc
onet
ctpgbbgoocj
gllhgqjo
xgbjcu
yqjxc
gswecdc
bcdeocj
nelcj
nghko
gffcujo
bchecdc
pchvux
sbvnjcj
fcgsw
cujguxcbcj
pvnh
pvnho
svtteooevucj
leulveufcj
pvnheux
jeogllveufcj
fwngbfcj
jbeukeux
xvu
pqofeux
pqofcj
wgbbecj
ejcufeyeco
wgqufcj
onchheux
cgf
lbvheycbgfeux
Bqcbecj
sgbc
schcpbgfeux
vssgoevu
gbsw
pcofcj
sgbccu
ncgb
phgof
jbedco
ncgbo
wgqufeux
lhgxqcj
svvho
wvhc
deoefeux
lwvucj
yhcn
ohgttcj
wcgbo
lvkco
fguxhc
depbgfeux
olbeukhc
bcgooqbeux
eudcofexgfcj
pvquseux
pcf
jcpquk
owbeuk
jbelleux
nvquj
crvbseoc
vphexco
wgllcuo
nbcofhc
wcno
gffcuj
lbvuvqusco
wgqufo
pcxo
tguwgujhcj
fvooeux
lbgmeux
ongmeux
nbefweux
gffgskcj
ofgxcnweolcbo
olbeukhco
oBqebteux
xbeujo
oteheux
swgffeux
svufctlhgfc
lgsko
bcocbdcj
bclbeufcj
hguxqeowco
svqufo
wqux
svuyeucj
hqbc
svlc
yvbcocc
ybcceux
bcsbqefeux
fgkcfw
xedcfw
fqucj
bcsbgyf
jexo
ofgfc
hcfo
yhelleux
ofqjm
vlfeux
webco
nbgllcj
chcsf
sbeoosbvooeux
fchcdeocj
neuueux
xbgp
vdcblgej
sqbc
hedeux
fccfcbeux
tebcj
pveheux
jcdeoco
jcbcxqhgfc
fvl
cujqbcj
gsfo
leskeux
eufcbbqlfcj
yeueoweux
jegheux
bcyvbteux
tgfsw
bcucxvfegfc
owechj
oqpoejeieux
gjdvsgfeux
bgeoco
dvneux
nefwwvhj
olgbko
lbcdcufcj
lbvtvfco
ofeyhco
cBqellcj
euofghhcj
zgskeux
gjteueofcbo
ygdvbcj
owgbcj
ogdco
uccjeux
olvuovbeux
geheux
yeuguscj
svufbepqfc
bcpqyycj
yebteux
bcofbesf
fvfgh
eusqbbcj
jgtlcj
osbccswcj
oeffeux
bceudcofcj
lgues
onefswcj
crshqjeux
tgeufgeuo
pqyycb
nvujcbeux
jcscufbgheicj
ghhcdegfc
dvescj
ctlwgoeic
hcgl
bchecdcj
lvqbeux
tgffcb
cgoeux
cuxgxeux
jctehefgbeic
fvhcbgfc
sgofexgfeux
owvqfo
fbvffcj
bclhm
nbefco
teoeufcblbcfcj
tqiihco
fctlcbcj
oceic
teoeufcblbcf
owvf
bcdedc
svttef
svuscjc
euofefqfeux
onclf
lcbteffcj
bceufbvjqscj
phvskcj
vssqbbeux
gjteueofcbcj
eudghejgfcj
lcbteffeux
oqbbvqujeux
crcsqfcj
sgqoeux
bcoqhfo
gskuvnhcjxc
jcfcbo
bcoqosefgfeux
cosglc
tcfcj
oweyf
jeolbvdc
ocufcuseux
lqblvbf
hcxeohgfc
fvbfqbc
ugbbvneux
svuoejcbo
gssvqufeux
lbvfcsfcj
wgxxheux
ocffheux
jvuucj
owvvk
bvskcj
owgkeux
fvllhcj
yheskcbcj
phgbcj
hcgkcj
svufgteugfcj
nbgl
pvhfcj
bgffhcj
eufcxbgfcj
jeosvqbgxco
chgpvbgfeux
ogsbeyeseux
gtvqufo
pqehjo
jgfco
bcghexu
ofbqxxhco
eufcuoeyecj
fbguohgfc
euoeofo
tercj
bcvbxgueicj
ogfeoyeco
creof
ofcgh
pqvmeux
lbvhvuxcj
bcxgbjcj
etlbvdco
jeobcxgbjcj
ofbekc
bcpqehj
lbvl
hgskcj
ctpgbk
jctvuofbgfcj
svuyvbt
crcbseoeux
owvctgkeux
fbcgfeux
bcofbesfeux
pguo
quhcgoweux
neowco
ovhdc
gufeselgfcj
lqiihc
cudeogxcj
queyecj
ogsbeyesc
quefc
qujcbfgkc
qujcbfgkcu
yqusfevu
fgskhc
svvbjeugfc
owglc
pghguseux
tgbxeugheieux
oqyycbo
lcblcfqgfeux
svuofbqsf
bceu
bcAcofgpheow
sbgdc
svufbgsfcj
svufbgsfeux
lbvjjcj
jvnuxbgjeux
tvqufcj
qubgdchcj
lhqttcfcj
sefesvbl
oqpsvufbgsf
jchedcbeux
gqfvtgfcj
nejcu
eusqb
jeobqlfcj
jcdgofgfeux
pbvgjsgof
jvteugfcj
bcglcj
gebcj
leffcj
jcsbcgocj
euswcj
cjxc
jneujhcj
oncgb
bcuvquseux
ngucj
ygbcj
sbclf
owel
wquswcj
zqtl
svushqjeux
bgffhc
lveocj
jvqphcj
sbvnj
oefo
lcbyvbt
lhqx
svttquesgfc
beux
gughmic
fbguotef
jeogllcgbcj
wvvkcj
tgugxco
cbbcj
lqbswgoeux
oqllbcoocj
gssclfeux
jclesf
olqbo
ter
heofcu
bchcgoc
eudefc
jeogllbvdco
jeosvqbgxeux
jeosvqufeux
cuzvmeux
bcolvujo
fbgeh
etlvbf
oqlcbdeoc
bcfgeho
hgdeoweux
gjdcbfeoco
pguj
phgtc
eudcofexgfeux
bcjvqpheux
hqbeux
cuwgusco
ctcbxco
kehho
iglleux
pvvofo
bcoctphco
phccjeux
hgofeux
teooco
bcocgbswcj
oqllbcoo
svuscedeux
eudcufcj
jqlhesgfcj
fcbt
qujcbxv
ofccbeux
pvfwcb
vssqbo
yvbpejo
oqpoejeico
pbvnpcgf
pqbphco
ohelo
gpvbfcj
ycgbo
crlvoc
crlchhcj
olgbco
jeotgmcj
cjqsgfcj
dvhqufccb
gjglfcj
qujcbofgfcj
yqbueowcj
svbbcsfcj
xgfwcbcj
pehheux
bcujcbcj
etgxeucj
svhhcsfeux
bcetpqboc
pbcgsw
svuofefqfc
cufefhcj
lbvteoeux
svvlcbgfeux
eufcbcofcj
gssclfo
pqskhc
jcoexugfcj
olcseyecj
yvbteux
crcsqfeux
crcsqfc
hvsk
teoocj
lbvfcsfeux
cppo
euyvbtcj
oqllvbfeux
lbcdecneux
schcpbgfc
ocufcuscj
teolhgscj
hvsgfcj
pvujcj
teohgej
teobvqfcj
owellcj
wejjcu
uvfeyecj
svudesfcj
yvvh
lgeufcj
fgskcj
fqskcj
yvhjcj
ygjcj
sbqtlhcj
pchvuxcj
fglcj
ygkeux
bcsghheux
bctvdcj
bceuofghhcj
jcfcbevbgfc
dcufehgfcj
euolcsf
bcgooqtc
bchecj
euoqbco
fbvqphcj
gooqtco
gssbqc
qlwvhj
bcdecncj
oqlcbetlvocj
jvugfeux
yhgowcj
lhcjxcj
wefswcj
gffctlf
jvu
pgskyebc
jcfcbbcj
eufcbtercj
bcsvqufeux
xgfwcb
sbgow
hgfsw
beok
swgusc
nvv
ofgbo
jvugfc
cgbtgbkcj
pgoeux
olvuovbcj
hgfsweux
gtgoocj
lgbghhcho
yhvvjcj
qlwchj
goocbfeux
bczcsfeux
ofgtl
gllcghcj
gbxqeux
bcAcufcbcj
gyyebtcj
fvllhc
bcgyyebteux
cujvboeux
ofgbdcj
gllcgoc
phqujcb
qujcbofgujo
oqofgeuo
zqofeyeco
fbcgf
ejcufeymeux
fbgskeux
olvfhexwf
fgbxcfo
crlhvefeux
cufcbo
bcyeuguseux
yghfcbcj
cufesc
jqtlcj
shvppcbcj
oeuk
gngefeux
oqbxeux
lhqttcfeux
cgbueux
ovhesefeux
qusvdcb
quhcgow
swgbgsfcbeico
lgeufeux
jcdchvlo
ghfcbcj
euefegfc
yqusfevueux
lbvfceuo
jeyycb
euwcbefcj
qowcbeux
yeuxcbcj
etlgebcj
bgseux
qutgok
euwcbef
wgquf
fwcvbeicj
ycbbcfeux
gughmieux
crfbgsfcj
bedcfcj
bclcgf
lbcscjcj
lbvxbcooeux
ctcbxcj
kuvskcj
jchcfcj
svuyebteux
ugeh
yhellcj
sbgnhcj
vpocbdeux
tqfgfcj
ofbekco
lbcjeolvoc
etlhesgfcj
bqoweux
eovhgfc
olcsqhgfc
svhhgpvbgfeux
nefucooeux
pbcgko
onefsweux
gssqoc
heBqcyecj
lgofcqbeicj
bclhecj
teoqujcbofvvj
bcheco
jedcbf
swvlleux
yheuxeux
hgxo
vqfochho
guoncbo
jeolvocj
bcowqyyheux
swghhcuxco
cbgjesgfc
wqbfo
jclbedco
lcbyvbteux
bcgllveufcj
bcofbesfcj
jeoovhdc
jeopguj
etlhctcuf
kuef
lbvocsqfcj
jeoovhdcj
bceuofgfc
jvqpfo
tqofcb
wgllcu
bcsbqefo
jeopgujeux
gllbvgsw
bcoswcjqhcj
jbcoocj
bcoqtcj
svqufcboqeux
fcbteugfc
jcumeux
cugphcj
yqhyehheux
quyvhjcj
pvceux
jcycbbcj
svqufeux
goocbfcj
owbeukeux
bcsvbj
etlhctcufcj
crlcbecuseux
wcexwfcucj
bcefcbgfcj
bchgfco
pvbuc
kesk
crlvbf
ngdcj
qljgfeux
svuucsfeux
hcuxfwcu
pvx
tqhheux
cuyvbseux
fwbcgfcueux
hedcj
bcjheueux
jcycbbeux
svtlhecj
yeueow
etlhctcufeux
tgfcbegheic
bcochheux
lhcjxeux
euofbqsfcj
mechjo
bceuyvbscj
onccfcu
sguschcj
lbedgfeic
ofbcoocj
bcxbcfo
pejjeux
jeolhcgoco
crswguxc
svtlhctcuf
tvuefvbo
geto
ygpbesgfc
ybcc
lbeseux
svufcujeux
svuucsfcj
gooctphcj
fvqf
gllbvgswcj
bcyqoeux
sbvvucj
etefgfcj
gllbvlbegfcj
bcgyyebto
etefgfc
pchvuxo
bcfweuk
olgnucj
sbgskcj
swehheux
jbeyf
hcuf
cdglvbgfcj
Bqchh
gskuvnhcjxeux
vdcbpvqxwf
bcsvdcbeux
vpocbdc
tgoocj
jcofgpeheic
lcbocsqfcj
shqppcj
jcfgeucj
jeolcbocj
lbvfcofeux
eusefeux
euzqbcj
bcovhdeux
gooeofcj
bcuvqusc
sbgowcj
fvbswcj
fcof
osgheux
xbgufeux
jebcsf
Bqcofevucj
lbcdgeh
pvncj
wghfeux
onchh
yqch
oqofgeucj
lbcosbepcj
cusvtlgoo
jcfgehcj
oBqccieux
osbglleux
bceuyvbsc
lwgocj
qujcbsqf
yhgppcbxgofcj
ovhejeym
bcfgeheux
xcucbgfco
vqflcbyvbtcj
lbvtlfeux
ncgkcueux
svuscufbgfcj
crlvocj
csheloc
sglefgheic
vtefo
ctgosqhgfc
bcngbj
tqosheux
vdcbhvvko
lvoocooco
wgofcu
yexqbeux
bcshgeteux
hgofcj
euyvbt
svhhglocj
wgbdcofcj
hgqxweux
xvooeleux
etgxeuc
osgbyeux
bedgh
bgdco
gffcofo
lbcosbepc
oeyfcj
sbqowcj
jeolhgmcj
euqujgfcj
euxcof
pqffbcoo
fbeskhc
bqeucj
pbgxo
xbgoleux
hqtlcj
eujqsco
dvtefeux
fbguolhguf
xhcgu
lhguf
ongfwcj
uvjo
ngkc
wcbuegfcj
bguk
fcbtcj
ochyAeuoqbc
gskuvnhcjxco
gxxbgdgfcj
gssqoeux
svtlvquj
lcxo
lbvwepef
tgujgfcj
oqpoejeic
pcsvtco
ofbcuxfwcueux
yhqsfqgfcj
ohqtlcj
gtcujcj
ugbbvncj
lbvshgetcj
fefhcj
ofgxxcbeux
bcxgeucj
fexwfcueux
qujcbosvbc
pcjcdeh
pqbxcvueux
gbvoc
gbbedc
svuofbgeu
euwepef
wqt
jclesfcj
pcgbo
jqpo
gdcbgxeux
eujqofbegheicj
ovqujcj
tcgoqbco
qljgfcj
zqofeyecj
ofgxco
ngueux
xvdcbu
oneux
etlbcoo
ongmcj
lbvycooco
lvoco
bveheux
pvneux
oqolcuj
cusvqbgxeux
jngby
sglfqbc
jeogllcgb
crvucbgfcj
wcjxeux
bqowcj
gxxbgdgfeux
owgkc
pghgusc
kuvsko
pqmo
gffctlfo
bccofgpheow
jcycsfeux
yehtcj
bglcj
jcosbepco
bqteugfcj
zqjxc
bclbcooeux
fwbqof
jec
lgqoco
xhgbco
cuzvmcj
eujqhxeux
cusvqufcbo
lgfbvueieux
xqcoocj
occfweux
xqcoo
wgfco
ouedcheux
ocjqsc
fcujeux
pqhheco
jbvvheux
vxhco
heuxcbo
hexwfcj
nweolcbeux
ofghkeux
ofbgujcj
lvqb
bcdeoc
lccb
ngofcj
yhqukeux
yeoweux
pbcgjcj
tgeheux
creofo
decneux
fbguolvbfo
nchsvtc
fbguolvbfeux
coswcncj
svujefevucj
jclgbfeux
jeolhgmo
lgebcj
ofqufcj
zqtlo
sgowcj
jgppheux
beoko
ngfcbeux
yvbxcfo
vpocbdco
jbcooeux
pbvgjcueux
bctvjcheux
eufetejgfeux
swgoeux
bcxbcffcj
otvvfwcj
ofquucj
jeoshvoeux
svAyvqujcj
oqptefo
bcsvttcujeux
gjteffeux
svbucb
lbvjjeux
yeuc
yeugheicj
tgehcj
jeoshvoco
decno
lbvzcsf
bcoexu
qlocf
jclesfo
xhvncj
pbexwfcueux
lqhdcbeieux
jcdvfco
oqttvueux
fbgdcheux
jcofbvmeux
nvujcbcj
owvvfeux
jvsqtcufo
crlcujcj
svqxweux
ofbvhheux
wgqh
hguj
bgjeveux
kejugl
bclhesgfcj
ofqtphcj
fvncbeux
uqbocj
bcowgleux
ohqtl
oqblbeoc
lbvzcsfo
tchfeux
ohetteux
jvteugfco
bcgheico
ogskeux
svuybvuf
sglfqbcj
bcdcgho
jedejc
osbcgteux
pcwgdeux
ofgpeheic
ofgpeheieux
lbcjesfDEgjdvsgfc
olgbkeux
bcxqhgfc
sbqusw
jcdgofgfcj
owgjvn
dghejgfeux
jclhvmcj
bcxgeuo
jeofeuxqeowcj
gpovbpcj
swejco
yereux
omtlgfweic
fec
jcbcxqhgfcj
sqbp
owgjvneux
qujcbhmeux
ogxxeux
lbvdvkeux
pghgusco
gyyhesfo
pvqusc
oqbbvqujcj
pvgfeux
lbcgsweux
lbvtvfcj
ogjjhcj
ybccj
jchcxgfeux
wguj
jchcxgfc
jcskcj
svofqtcj
oqphcf
ofclo
pbepcj
jcycujeux
deujesgfcj
vbecufcj
jeolcuoc
bcgheicj
vdcbfwbvn
xgfwcbeux
lvqusc
pvvtcj
owvqfcj
bchcgoco
qupguueux
tvpeheic
sqbfgehcj
crehcj
jcymeux
vbswcofbgfcj
vqfhgncj
sebshcj
oqolcujeux
gbtcj
owqffcbcj
ofbcfsweux
oqllhecj
wcbghj
lgskgxc
qfeheic
ovqbseux
sebsqtdcufeux
sbgyfcj
bcxqhgfcj
cdglvbgfc
xcgbeux
lbvlchhcj
ofeb
fbgeheux
osvbcj
yhecj
owvbf
crwghcj
lbcdgehcj
ge
pcnefswcj
yhgffcucj
ofvtleux
wvtcb
bcjv
yeuxcbeux
scbfeyecj
vdcbowgjvncj
fvgofcj
jeolcuocj
vqfoweuc
jgtlcu
tvuvlvheic
pchecdeux
fbgeu
ovbfcj
bcjcoexu
pcucyefo
svushqjco
xqejc
olcsegheicj
oqpteffeux
qujcbqfeheicj
bcsvbjeux
sgofo
svlmbexwfcj
bctqucbgfcj
fglc
ngbbguf
bclbvjqsc
bvskeux
vdcbhvvk
lehcj
heofo
jcofeucj
lcbkcj
lqiihcj
oswcjqhc
svuovhejgfcj
wgtlcb
jcocbdco
lqueoweux
gllbvgsweux
yhgbeux
vdcbwgqheux
nvujcbo
yeujo
pqiico
pgsklcjgheux
bcsgufcj
jeoocteugfcj
ovyfcucj
fwbcgfcu
nwelogncj
lcofcbcj
yvbcsgofeux
wcgf
gjvlfo
leu
owvdco
onedcheux
bclheco
ouglo
zqjxeux
lqpheseicj
yejxcfeux
ycujcj
yebc
fbqofcj
jcuvquscj
wccj
lbcselefgfcj
fwbvnu
bcolcsfcj
guswvb
bcexuefcj
oqpjqcj
lcxxcj
bcgheieux
fmeux
oqpvbjeugfco
jeofqbpeux
euyhgfeux
lcxxeux
vdcbowgjvneux
svhhgloco
fvbc
fglcbeux
ohgskcucj
bclqbswgoeux
owbguk
fglleux
owvllcj
feskcfeux
oetlheyecj
olekcj
svtlqfeux
nvbbmeux
bcoejcj
exuvbc
fcgbeux
gsweux
cufcbfgeueux
jeosvquf
bej
tgfswcj
osgbeux
lbvyycbbcj
lbvdeux
fbguolvbfcj
lcbocsqfeux
yveh
cufgeh
oquk
fbguohgfcj
vyycujo
jedcbxc
bcteujcj
swvvoeux
oqyycb
osgbbcj
jeyycbeux
wguxeux
jeolqfco
ybccic
osbccu
shcgueux
wqxxcj
svuxbgfqhgfcj
svufgsf
svudcm
oqc
ogfeoyecj
qujcbosvbeux
svudcbfeux
gssbqcj
gjzqof
bcpqf
cswvcj
jctvheowcj
teuegfqbeicj
jedcboeymeux
pbgusw
pbettcj
euzcsfcj
zcffeovueux
jvqpheux
pvhofcbcj
tvbfxgxc
lhgsgfc
pbvgjsgofeux
dghqc
cosghgfc
jcsejco
tvhheym
yhgncj
ohccleux
lbcdcufeux
weuf
jcshgbco
gyycsfo
sgqoco
gtlheyecj
qujcbsqffeux
lbvyefeux
crcsqfco
jbgxo
fqtphco
shvoco
bcAcufcbeux
fcujcbeux
jvhc
bvskcfcj
ohgllcj
jclbcoocj
pcgb
fchcxbglwcj
bcucn
lvofeux
okejjcj
jgowcj
oBqgbc
ocffhco
jcuvquseux
ofgxeux
osbgl
pvtpgbjcj
svudcucj
ucexwpvbeux
jcycgfeux
lgskeux
ougllcj
lgqocj
osgu
xgolcj
quocffhcj
gxefgfcj
phcuj
xqejcj
svlecj
bvhho
tchj
gxcj
bclvoefevu
bcjcoexucj
ofgtleux
osbetleux
eusweux
bcfgeh
eufbvjqseux
tgofcb
hguxqeowcj
sqhfedgfeux
svujqsfo
fbqof
euyqoc
bcolcsf
googooeugfeux
cugsf
nelc
olbeux
uvfeym
cujguxcb
dcfv
hcgkeux
shgooeyecj
pquxhcj
ebvu
bcdcbfcj
ugehcj
bcocbdeux
gffgskeux
gssvttvjgfeux
netleux
ngbu
pghk
sght
heuko
gsschcbgfco
texbgfc
pcoecxcj
shcgbo
jgqufeux
lbvsccjeux
svuyqocj
phcn
oqolcsfeux
gufeselgfeux
xbqcheux
wgtlcbcj
svvh
ocuoc
hepcbgheicj
googehcj
bceuyvbseux
gdvejeux
bghhm
wgbpvb
ofgmeux
gughmicj
ngoweux
hexwfcu
jcsbcgoco
pgukbqlf
jcshgbc
Bqgheymeux
jeoswgbxcj
xcujcb
lbvwepefeux
jeogxbccj
oqefcj
oclgbgfcj
jeosvdcbo
hcuxfwcucj
nwgsk
cjqsgfc
sgqfevueux
svufctlhgfcj
jctvuofbgfeux
swccbcj
ofgeu
nvdcu
bcsvxueico
sbvoo
yqooco
jeoocsfeux
jexcofeux
gej
jeolch
gsschcbgfc
xbgllhcj
pvfswcj
svuofbqcj
euybeuxc
teoofgfcj
ofbqxxhc
bgskcj
ybgmcj
jcbejcj
bcfebco
ckcj
bedgho
fcgteux
peskcbcj
crlhvef
lguucj
ofbcoo
ofbcooco
svuyejco
fghko
lvoefevu
bcyqcheux
yquuch
euefeghcj
ovvfwc
cdghqgfco
oheseux
dcfveux
hvvteux
bcofvbeux
pgoc
pqbecj
ofgfco
jeogllbvdcj
olcseymeux
lhcjxco
bcnbefc
phgsktgeh
yexwfo
owglco
fwc
oeuxhcj
gufgxvueic
dvesco
bcxbcf
bclgoocj
sglefgheieux
cgfcu
svuofbgeucj
nc
bcoqteux
bcgooexucj
bcfgeueux
pbgseux
ocdcb
jedcbxeux
wcgfo
qujcbxveux
jedcboeym
sbqtphc
qujcbncuf
nwel
ygbteux
oqeux
nchjcj
bcxgbjo
kejugllcj
ctpciiheux
svuscgheux
bcsvuoejcbcj
yvbxvffcu
ofgdc
gssvtlgum
leheux
svujvucj
ofvsklehc
tgbk
svuolebeux
svujvuc
pcyghhcu
olehh
ovehcj
nbcgkcj
nvbocu
tguelqhgfc
tvgu
lvoftgbkcj
tqjjecj
okcncj
eufcblbcf
jeofvbfcj
ohgsk
pqvm
ofbedc
pvvteux
cdvhdeux
jclbcooeux
oqposbepc
hepcbgheieux
svuocbdc
qowcbcj
olqbbeux
vdcboqposbepcj
jgnjheux
leuAlveufcj
crcbseoco
pqskcj
vqfheuc
ofbqsfqbeux
qffcbcj
heofcuo
svufCjF
lecscj
phqbbeux
bcsvuofbqsfeux
sglfedgfeux
pbvgjcu
lvbfbgm
pbguswcj
ofvlo
ngbt
ofgbbeux
svuoqttgfcj
osvbc
omujesgfcj
gqjefevu
jcgho
bclqfcj
bcAcugsfeux
svtpeux
yehteux
ofeuk
bcAsbcgfeux
teobclbcocufo
teobclbcocuf
gjtebcj
ghhgmcj
jclesfeux
bcucxvfegfcj
bcgoocbf
jcosbepc
bchvsgfc
jeofgusc
hcdchcj
jcofbvmcj
zvhf
bellcj
yebt
wghf
shetp
phvvjecj
ochyAbceuoqbc
cufefheux
nehybcj
bchgfc
gejeux
gpcffeux
svquocheux
yqhyehhcj
gssvtlheowcj
lgbbecj
chcdgfcj
ohelleux
wexwhexwf
gpejc
jedcbfcj
jeogbteux
jctvpeheieux
jcActlwgoeicj
dvejcj
gtpqowcj
qujcbteueux
dvej
jctvpeheic
shgtleux
heBqejgfc
etlvbfo
bcufo
lbeufo
yghfcbo
etlvbfcj
fcgsweux
wcjxc
hcdecj
lvheseux
euyhqcuscj
lvbfcuj
bghheco
olchh
bcgsf
hvskeux
olcj
lbcycbbeux
ucgbo
gdcbfeux
heuc
qujcbfvvk
gffbepqfc
bcsvttcujo
svuoeofcj
gffcujeux
gqjef
gpovbp
jqtleux
osbgtphc
sbqtpheux
fglcbo
bcpvqujo
ucgbeux
pcgfcu
vdcbbcgsfeux
quhvgjeux
lqpheseic
lbcdgeho
sqbpcj
sgudgoocj
oqposbepeux
oqposbepcj
uvF
lcgkeux
csheloeux
vqfofbelo
sbqtphcj
bcdcghcj
lbvlleux
svhhgloc
yvbcsgofo
lesko
ovpcbcj
xhvoo
cofetgfeux
oqbxc
gssvtlgueco
swguxco
pejo
ofvsk
vqfxgeucj
ocdcbeux
jcsbcgoc
ngbteux
ngbtcj
tchf
bcsvuofbqsf
jqx
tvjcbgfc
cosgleux
dgbeco
fvfgho
gqfwvbeieux
xgbucb
svufbgofo
gjjbcoo
jeoxqeoc
gngkcucj
lgbkcj
bchgreux
yguucj
phcoocj
gpqocj
ygbt
lbvolcb
jcocbdc
ghecugfco
pqff
vbexeugfcj
oeuxeu
wvqocj
lgfbvhhcj
qujcbxvuc
ghhqjcj
lcchcj
osvqbeux
mechjeux
svuybvufeux
owvlleux
hcuxfwcuo
svtlvqujcj
oweyfeux
phqufcj
tvuefvbeux
vdcbbcgsf
svofeux
yvbxeux
tchfo
gpjesgfc
qujcbofgfc
qujcbyqujcj
crgteuco
lhgsco
bcetpqboco
ohvlco
ybccico
olhefo
teueteieux
bcdcgheux
fctlfcj
bcoqbbcsfo
jcxcucbgfcj
lcbtcgfeux
lbvdvkc
svtteffeux
etlhm
ucqfbgheico
yeiihcj
ofcgjecj
jeosvqbgxcj
ohejeux
bcosqc
wvdcbeux
ghhm
wvvjneukcj
gjjbcoocj
ybgusweoco
bcyvbt
ctpbvehcj
dcbxcj
onghhvneux
ofbqxxhcj
ovhdco
wcghcj
sgqfevuo
jcygqhfcj
euolebc
gffgswco
bcgllbgeocj
bcdvhdeux
eusvblvbgfc
lbcscjeux
qlxbgjc
quhvgj
fvoocj
bcvlcucj
bcofgbfcj
lbvscoocj
fbguoyvbtcj
qujcbosvbco
fbguogsf
quneuj
yqusfevucj
bclqbswgocj
cusgloqhgfc
gjglf
vllvoco
pbejxeux
bcpqffcj
bvfgfeux
lehc
fneofeux
jbehhcj
oeukeux
ycfsweux
cjxeux
sghtcj
jchexwfcj
lhcgocj
lbvj
lefswcj
yhvvjeux
lqueow
ebbefgfco
hcxefeteic
bqtphc
oncgf
jbehh
lqtleux
lvumeux
ofeyheux
jbehheux
jeosvqufo
wgqhcj
nwelo
wgujheux
yquucheux
fvblcjv
lbvshget
fgqxwf
vqflcbyvbto
gssqtqhgfcj
svtlcuogfcj
yvbogkcu
ochcsfeux
tgffcbo
hgqjcj
crlgujo
bvppcj
ofgppcj
svuyeosgfeux
lvoc
yeugusco
eujcreux
svuyqoeux
fgrAbcjqseux
ybcco
yvbxv
svbbcsfeux
oqllhmeux
eujqseux
lhqsk
bvvfcj
bcsghhcj
pcgbeux
nefucoocj
sgbfeux
bcofbqsfqbco
vqfncexw
jcfbgsfo
phgteux
xbelco
yhvno
tvjeym
jgfeux
tcbef
bceuofgfcj
crlvoeux
lbcActlf
yeucj
svudcueux
bcheuBqeowcj
fvqb
guoncbcj
otvfwcbcj
lbedgfeicj
lbvsccjo
quhvsko
teoqujcbofgujeux
bcBqcof
gofvqujo
bgfevugheic
pbgkeux
sgbeux
fbgdcho
fbqtlcfeux
bceudexvbgfc
sbvooeux
nbgskcj
jeogbt
oqyycbeux
hecj
okel
heyfeux
bvsk
swcgfeux
nvvcj
sqbfgeheux
lvhhqfc
bcyeucj
pvgofcj
qlxbgjeux
ofclleux
xbgllhco
nvbocueux
lbcoqtcj
svqsweux
ghecugfc
gjdvsgfco
tgl
gjdvsgfcj
yhvqbeow
ogusfevucj
xqgbj
tvl
sqowevu
vdcbwgqhcj
xvdcbutcufAocf
euyhgfevuAgjzqofcj
weufo
eufcbfneucj
swgbf
xbvguo
bcteujo
oncgfcj
zgttcj
ongtlcj
fbgehcj
ofgbcj
hvvoc
ogehcj
bvskcfeux
owvqfeux
jbeyfcj
swghkeux
cujqbeux
bcgjo
bctgbkcj
bcwgoweux
gbbguxco
osbetlcj
cgbuo
jcdvfcj
jctgujeux
bcsfeymeux
ybgtcj
lcugheic
svuyeosgfc
xvdcbutcufocf
jcyeuco
ncgkcu
swgyc
ctlvncbo
tefexgfc
ivueux
xbvql
hvsgfeux
tqbjcbcj
scuovbcj
scuovb
cuyvbscj
oehcuscj
pvtpcj
eufetejgfcj
gffcof
svtpgf
bgejcj
etlvqujcj
hgqujcbcj
golebc
cdcu
fctlfo
oqpofefqfeux
crlvbfo
wefo
gjdvsgfc
fehf
svgofcj
yeucoocj
xvbc
bctctpcbo
vlcuo
weujcb
ybeffcbcj
teowgujhcj
ycofcb
lbvfcofo
ghhgm
oBqgujcbcj
dvfco
sbgnh
tgbsw
nefwwchj
bqppcbAofgtl
sbeuxcj
cujvbocj
gffgeucj
oejcfbgsk
dgsgfeux
lcblcfqgfc
jcocbf
hqbswcj
hcguo
ohvxo
eudgjcj
oeyf
lgbsch
bclhgofcb
jctvheow
yheusw
euolcsfeux
fvfeux
jegxbgtteux
oncclo
oghdgxcj
ofbcfswcj
ovbf
swgbfcbcj
goocooeux
jcghf
owchheux
ygrcj
gooexu
bcuf
ettcbocj
neujeux
sbcgk
ongm
owgkco
jctvheoweux
shcgbeux
dcufqbeux
bcdecno
dcufqbc
zvkco
jgnuo
svufgsfeux
owgbco
ngfcb
ngofc
swgtlevucj
GH
gllhgqjcj
yhgquf
lcfefevu
teohcgjeux
bcyqfc
bccheux
yhvncj
crgscbpgfcj
occlcj
gufeselgfc
fbcuj
svttcufeux
lvofqbeux
wguxo
gllbvdeux
eufcblbcfeux
svvlcbgfcj
jcycujo
etlheco
jctqbo
oleco
owvsk
ehhqofbgfco
wvc
bctctpcbcj
bcdch
wgbpvbo
gdcbfcj
hgskeux
teohcj
bcgyyebt
pghhvvucj
ngofeux
oghdgxc
wqjjhcj
ejhc
wcglcj
jvdc
vtef
sqowevueux
jgnueux
swqskcj
fnejjheux
phvn
lbcogxc
owgblcueux
jcbedco
bcocbdc
vdcbofgfc
fgeufcj
gllheco
nejcucj
gsschcbgfeux
sbgowco
lqtlcj
uvbtgheic
ocsqbeux
uvfeymeux
svudcbfo
pghhmwvvcj
sbgto
shvsko
jvteugfeux
svbucbcj
pgoco
lcgkcj
yhgffcu
wgbjcucj
jeosvqbgxc
nbcsk
olbgnheux
lvlqhgfc
tgfcbegheicj
sebsqhgfc
tgujgfc
yeucAfqueux
chcdgfco
bcsvbjo
svqbfeux
jclbedeux
oqlcbdeoeux
bcgbbguxco
sgjxc
olgu
swvkeux
jvvteux
lcjjheux
ogsbeyesco
oelwvucj
tvqbueux
pqbmeux
svuscgh
otchh
eufcbolcbocj
bgffheux
olcneux
ygtcj
vbjgeucj
hgpchcj
bvppeux
vdcbfwbvnu
dgueowcj
bcjccteux
lbcm
wqufo
jeogllveuf
quyvhjo
vposqbco
ehhqteugfco
lehhvbecj
dceheux
cujqbc
jbgeucj
jcycgfcj
jvsfvb
vqfjej
svhhgloeux
eufcbsclfcj
gjjesfcj
bcwgpehefgfc
bcwgpehefgfcj
lhvncj
cuyvbsc
gllbvretgfco
gjdgusc
sbetl
jeofqbpcj
ygffcucj
cufefhc
ncgfwcb
olgbcj
bcyeueux
Bqgjbqlheux
bcghexueux
bclgebeux
pbgdeux
gqfvtgfco
lgfcufcj
fbelheux
pvvkeux
shqfsw
fwbedeux
oBqcgkeux
hcsfqbco
heuk
jeucj
ovsegheieux
kccu
vqfoweuco
xgtphc
svtlgbeux
crlebeux
olcgkeux
etlbcooco
lbczqjescj
cufbcuswcj
oettcbeux
yvhj
bcosqcj
ctpcjjcj
svusvsfcj
ngjjhco
yvbtgheico
ngbjcj
jcugfevugheicj
jvnulhgmcj
jcycb
owvqhjcbeux
xgbucbcj
xghdgueic
ofqtphc
ybcf
wcgfcj
sgfcb
lvlleux
jeofbepqfc
tgbkcfcj
jcsvbgfcj
bcxqttcj
oucgkeux
ofbgllcj
nwgskcj
uvocAjedcj
bcgovucj
vqfofbellcj
ghhvsgfeux
cuoqbco
gpgujvuo
crlcjefeux
fgqufcj
svttefo
bcvlcuo
ofbel
svtteffcco
bcoseujcj
olbvqf
gooctpheux
bcchcj
pghkeux
oqblgoo
vdcbhgl
jcolgebo
tgbbm
svujctuo
jctgujo
jeoxqeocj
svuybvufo
svuolebc
fbesk
nbvuxcj
tvjcbueicj
ohglo
qujqhgfc
eujqhxco
svujctueux
pvffhcj
bchcufeux
gtcuj
cbcsf
oqef
svqufcbcj
gyyehegfcj
pchvuxeux
gsfedgfcj
cuosvuscj
wvuvbeux
hgujcj
quyvhjeux
jqhhcj
gfvuc
ybcBqcufo
svuycoocj
hgmo
bcfbcgfcj
heuxcb
svufgsfcj
ygbc
kgmvcj
etlvdcbeowcj
tgbbmeux
jguxhcj
pqbueoweux
jcocbfcj
owvvf
yvbxedc
nvtgueieux
pvvieux
euwgpefcj
hvppm
hvdco
gsBqeffcj
bcgooqbcj
oejc
bcolcsfo
pctvgueux
ohgm
tqbjcbeux
ouqppcj
tcufevuo
pcyghh
oqpofefqfcj
cbbo
pcucyefeux
hvncbo
pcucyefcj
jedcboeycj
jeiimeux
ofbcooeux
eufcxbgfeux
bceufcxbgfcj
jesfgfcj
bczqdcugfc
etlhmeux
jcuqshcgbeicj
lcucfbgfeux
sbcjefeux
nchsvtco
pbvgjcuo
ouglleux
svAolvuovb
nechjo
owebk
fbguoteffcj
gffbepqfco
xquucj
smsheux
hgtpgofco
wgbpvbeux
wgoweux
tebbvb
svjeymeux
euoqbeux
xbqtphc
etlcujeux
sebsqhgfeux
lgbf
bccrgteueux
svAolvuovbcj
olcgbwcgjcj
eufcbdcueux
ofcbeheicj
fbcgj
jcoebcj
jedcbfeux
beokeux
eudgjeux
jefwcbeux
svqxwcj
nghhvneux
nweofhcj
lbvycoocj
pbgicu
leuucj
glvhvxeic
jcybgqjeux
fbvqpheux
jctcgucj
cuheofeux
ofgtlcjcj
ofgtlcjc
ohefwcbcj
wqskofcbeux
tgeh
ovhesef
tgfcbegheico
quswhvbeugfcj
ebkcj
etlcjc
jcoebc
scufcb
ocbdesco
pcBqcgfwcj
euybeuxcj
vqfncexwcj
Bqvfc
cuhedcueux
fvbu
cuzveucj
gosbepcj
ygpbesgfcj
ogycxqgbj
ofbgeucj
bcycb
eudvkc
goocbf
dvhqufccbcj
svuyhesfeux
vdcbbejeux
lvbcj
crcbfcj
sgbesgfqbc
fcofeyeco
wqbbecj
pgoweux
lgbghmicj
lef
pgujcj
ybgusweoeux
bcyvsqo
ohqtleux
pvbbvneux
hcgoeux
jeofehhcj
uvfescj
osqbbmeux
jeosvuucsf
yqbfwcb
cugpheux
okebfcj
olehho
osbqfeueicj
svdcfo
teosghsqhgfcj
heof
ngyfeux
jeolhgmeux
quhvsk
ycgfqbco
yhvskcj
olvbfcj
euoqhgfc
cBqgfco
fvqfcj
ocgfo
svuuvfc
wvlleux
oetqhgfco
sbvncj
jeoBqgheyecj
sbefeseico
owcjjeux
ctqhgfcj
euyhesf
cujvboc
svuBqcb
oqpzcsf
pcujeux
ctpvjecj
ofgb
oexugho
lbvfcofcj
vpzcsfcj
vpzcsfeux
bcxqhgfeux
mguk
pgb
hqbsweux
crfbgsf
bveh
svusqbbcj
svuyejcj
hqbsw
ofgxc
swbvueshco
fbgllcj
ofbguxhcj
crlbcooco
bchmeux
bclbeufo
otvhjcbeux
feskcfcj
shcgucj
pcwgdc
jvxxcj
bcgbbguxc
fgbxcf
lvlo
tcjegfc
ghcbfcj
jeofbepqfeux
bcyvbtqhgfcj
sgkcj
bcujcbeux
tqfehgfcj
tqskcj
shguxeux
lvqbo
oqsko
jbecj
svvheux
svleux
ouvvleux
ovp
svuofbqsfcj
ctlgfweic
svqswcj
tvfedgfeux
jeoxqofcj
gjvlfeux
sctcuf
lcbycsfcj
osgtlcb
lgqoc
bcxeofcb
sgfghvxeux
lbvxbcooco
crlhvbco
oqttgbeic
vblwgucj
yvbcocco
yghoeym
phvoovtcj
svttcbsegheic
jeoBqgheym
fbguoycbbeux
wgbtcj
hescuoc
bclhesgfc
jqlhesgfeux
ofeyhc
yghoeymeux
yvbtqhgfcj
owquueux
xbelleux
bcovugfco
ebk
bcheow
wvofo
kesko
oqlcbocjc
ofvskcj
ucscooefgfcj
sveusejc
ovhesefo
lbvyefo
xmbgfeux
vdcblbescj
fellcj
onefswco
ocgbswco
jcygqhf
gbbguxc
vdcbbvjc
pehhcj
bcyqbpeoweux
fwctcj
lvqbcj
fbgskcj
eudcofo
ngedeux
svufbepqfco
owm
oqbxco
zgskcj
vssqlm
yhgqufo
owebkeux
bcsmshc
svtteooevueux
gyyvbjcj
owchfcbeux
ghgbtcj
bcBqeoefevucj
ofqyycj
etlhgufcj
tgucqdcb
jcskeux
yhvqfeux
lbeicj
phvffeux
jcsbccj
cushvocj
bcofvbcj
ncexwcj
vpofbqsf
bcdvkc
jcdghqcj
keskcj
fbellcj
guswvbcj
svtlbeoc
osbccuo
yqteux
lvbfbgmo
yccjo
fbgoweux
zquk
otgsko
fgxxcj
lhqxxeux
olgbbcj
gqfwvbcj
ngdcbeux
pgow
feukcbeux
lvoeux
osbccueux
bcexucj
bvffcj
olvehcj
jclvbfcj
jclvocj
pgffheux
crfbgsfeux
ofvhc
bcswgbxeux
bcpvqujeux
jcoexuo
lbvdcu
svhhcsfo
bcscedco
lcbscedcj
svuyqoc
tgoBqcbgjeux
cbqlf
fvncb
nweokcj
xhejc
ybvhes
zvqofeux
jbcgto
xqgbjo
xgtpheux
lcboqgjco
pghkcj
jeofbgsfcj
jbvnucj
swvkcj
osvqfeux
hqbcj
dgsqqt
dgsgfevueux
hqbco
bcjveux
svqbfcj
yvbxvf
cdeoscbgfeux
hgpcheux
pheukcj
hvx
sgdcj
hvxxcj
oBqchsw
ugmogm
ngow
ncgkcuo
oqbygseux
yvbcshvocj
tgokcj
bcsbcgfc
shqofcbcj
deoqgheic
sqbcj
ofghh
gssqofvtcj
xcgb
xbgmeux
lesfqbc
hescuoeux
fbguoyvbto
ebbgjegfcj
bgfco
gllbvgswco
bcdefgheieux
schcpbgfco
bqeueux
osgbco
phgofcj
lcbscedc
jeofqbpo
lbvtlfo
ofqjjcj
swcsko
oejcofcllcj
lghc
kcm
pvjc
jedcboeyecj
crwepef
svuovhejgfco
lgbfeselgfco
vqfyef
euyvbteux
fgbueowcj
quucbdeux
jeoeusheucj
ovyfcueux
bcskvu
qujcbnbefco
gejcj
ctpvhjcucj
fcgt
osgbc
bchcuf
fbguoteffeux
jedcof
pccyeux
gsschcbgfcj
lhquxeux
scjeux
qujcbleuucj
owbqxxcj
lcboeof
quucbdcj
gffgsweux
sebsqtdcufo
hcsfqbcj
eusvblvbgfeux
cgbtgbkeux
cuwguseux
olgnu
gssvbj
sebsqhgfcj
vdcbhglleux
crwgqofeux
bchcgoeux
ohgskcueux
gbbedeux
shetpo
ofvbcj
ofgfeux
yhvqujcbeux
ofghheux
lbcshqjcj
bcvlcueux
cgbtgbk
bgjgbAchqjeux
cudeoevucj
pgffhcj
lhvn
gllhgqjeux
etlvbfeux
crgscbpgfc
ofetqhgfcj
vqfhgof
vdcbnvbkeux
wghdcj
sglfqbeux
pbcn
gooqbco
bgskeux
vbexeugfeux
bcngbjo
gssvbjcj
ofbeskcu
fwguk
svtlehc
lbvyefccbeux
ofcgho
Bqecfcj
vdcbfqbu
euycsfcj
beokcj
oqplvcug
cuxqhycj
crsgdgfeux
gssqoco
lqblvbfo
bclvuj
fbvqxwcj
olcsegheic
oqto
cudeoevuo
lbvolcbcj
bcygowevueux
crsvbegfcj
jeosvtyef
osbcgtcj
svufbgdcucj
bcgoocbfeux
oueyycj
lbvshgeto
ogusfevueux
fbgtlhcj
jqofcj
pcgteux
xbetgscj
vqfpejjeux
sbvno
vqfpej
swccbeux
lqboqco
pchec
vdcbpej
ouelcj
sgbl
crlvqujeux
owchh
sgbco
zchhcj
nechjeux
osbepphcj
ofehhAbgxeux
uvfsw
lbctecbeux
fbexxcbo
geb
pchhmAyhvllcj
jccto
svuscjeux
vqfbgxcj
bcoeofeux
hqusw
hvsko
lcbqoc
cbvjcj
fgleux
dcbeym
olmeux
svuocuf
bctctpcbeux
jcbgeheux
oqlcbdeoco
euybeuxco
eufcbsclfeux
oqolcsfo
pccleux
yhglleux
cgdcojbvl
swqx
svtlqfcbeieux
jeolhgsc
ofgkcj
vssqleco
euyhesfcj
ofbelleux
lgeb
eufcbsvuucsf
ycgofcj
bcdcbpcbgfcj
pehh
etlhesgfc
vpofbqsfeux
ybgteux
Bqefo
fcgswco
gbeoeux
uvteugfc
lhgxqc
ofelqhgfco
svbbcolvuj
bcochh
qujcbofgujeux
bcofo
qujcbofgujDEgjvlf
tvfedgfcj
lcbtcgfcj
ucxhcsfeux
omufwcoeic
ghfcbeux
gffgsk
bcoqbbcsfcj
ofbedcu
gxvueic
dgsehhgfc
wcncj
gtlheym
nchhAofgfcj
svufbgof
vqfhgneux
gyyebteux
jeolgfswcj
owecj
fvqxwcu
cdvhdcj
lgbghmieux
xvvjmcgb
jeueux
lbcoejco
pqbueux
lgbbm
jeotctpcb
owgffcbcj
jvjxcj
pvucj
onghhvncj
gtgooco
xbccfeux
golebcj
jgpphcj
lvquj
jeofguseux
teyycj
jchexwf
xgoAxgfwcbeux
svufbgsfAjbehheux
sglefghAjbgeueux
bcgbcj
otvkeux
ueskugtcj
hcoocu
jeow
pbcgfweux
osvqf
bcocgbsw
lbgsfesc
bcuvquscj
ogfeoymeux
bcofgfeux
svuofefqfco
lcblcfbgfcj
shgooeym
qFoF
svhvbcj
ctpgbbgoo
hguxqeow
lcx
wexwhexwfcj
pgskyebcj
vdcbofgfcj
wexwhexwfeux
pbgujo
owvl
phgukcfcj
Bqgjbqlhcj
yvbxedeux
yvbxedcu
gxxbgdgfc
bclcgfo
yghfcbeux
ygsfvb
yvbycef
cofgpheowco
gjjbcooco
jcpgfc
zeuxheux
shcguoeux
pqbuo
ncjxcj
lvqujeux
lvheoweux
jvf
bvgt
ngujcb
ongtl
ugfevugheicj
hqtpcb
lbvpc
nwebbeux
owqffheux
sbeooAsbvoo
zqffeux
pgffcbeux
owbqxo
fveh
olm
otqxxhc
lvkcj
ofgowcj
tcufevueux
hcdm
pqbjcuo
gssbqco
svhhgfcbgheicj
Bqgheyeco
gjdcbfeoc
svudeusco
hgtpgofcj
ybgxtcufo
vdcbAtgxgieucj
ofgskeux
pqiieux
cmceux
Bqelo
wvofcj
ofetqhgfeux
bclgfbegfc
sbvlleux
fqtphc
lbvyycbcj
lhgufeux
vdcblhgufcj
nexxhc
bvtl
bcufcj
pqii
lvhheugfeux
xbgyfcj
fbgtleux
pefco
osvnho
fgofc
yvofcbcj
wvuc
gxc
cgfo
nwvhcogheux
belcuo
ngrcj
pbqowcj
chvuxgfc
gpovhdeux
hcujo
pvbbvno
jgfc
jcycgfo
euwepefcj
xbgjqgfco
jcygqhfeux
teoofgfco
lgbghhch
vpyqosgfc
sgtlgexucj
bcefcbgfco
crlvbfeux
jeoshgeto
sgbdc
bcgllvbfevu
bcjbgn
sgbdeux
sgfcbcj
sgbdco
hgtcufcj
vyycuj
cusvtlgoocj
bcyqfcj
gbfesqhgfc
pghguscj
defegfc
exuefc
fbelhc
owvbfeux
svtlehco
creofcj
bctgjc
jeoeufcxbgfeux
gpvquj
ovgk
crgscbpgfeux
xbvqocj
svuofefqfcj
gsscjc
svuycooeux
ngedcbcj
jvqpfcj
xbgicj
bvffeux
wgux
bgxeux
jmeux
ybvic
pvqujeux
wgqheux
nbcofhco
osbccsweux
fbqujhco
jbmeux
hcgueux
sgbf
sgbfcj
olqbueux
otehco
yqbbvno
lelcj
ngofco
owvdeux
nehh
wgujo
ofgbdeux
qujej
fbqtlcf
olgbc
olvvkcj
ygbto
pgbxco
zexxheux
gdcbfo
ouvbfo
owqfo
swgebo
bcuvdgfeux
bgfeym
scufcbcj
lhcg
scufcbo
lbctecbcj
yhvqujcbcj
pvxxeux
ybexwfcucj
bckeujhc
olbeukhcj
ofefswcj
xgol
svqxw
otvfwcb
pvvt
fvffcbeux
fgteux
sguscho
euzcsf
pvjco
lvujcb
bcnvbkcj
oeuxeux
bcjvquj
sveusejcj
ofvbco
bvvf
bcfweukeux
svtleheux
bgfc
gooexuo
euolcsfvbo
cujvncj
owettcbcj
jgow
sgbccueux
ybvheskcj
bcsvuofbqsfcj
owvcwvbucj
svbbcolvujcj
lecsc
ycofvvueux
fbeqtlwcj
hqskcj
etgxeueux
okcfswco
yhvqbeoweux
ofbelo
jcfcbteuco
bqeu
shgbeyeco
wccjcj
hglocj
ygufgoeic
pgueowcj
behco
fvbtcufo
svtlhmeux
ebko
jclvoef
bcdeoeux
bcAcdghqgfc
gbswcj
fwgf
fcgb
wvofeux
cuhexwfcueux
lcuucj
pgskyebco
tguelqhgfco
jguxheux
lvlqhgfeux
olvqf
olqbfo
bclgeufcj
oqbtvqufeux
ehhqteugfc
gtqoc
wgtteux
ocjqseux
heskeux
olqbucj
cuoqcj
wvtcycj
svqufcbgsfcj
jvxxeux
osgffcbcj
ueskcj
pvffhc
tqusweux
mchheux
lbcoejcj
tguucj
fqxxeux
sbgttcj
xbeujeux
exuefcj
ycujeux
swvkc
euoqhgfcj
bvtguseux
ngdeux
xghhvleux
xhvgfo
xqow
nwccieux
zguF
oqttgbeieux
vposqbc
jcybgqj
sqbbm
ygtehegbeic
jeosbeteugfeux
lqueowcj
tvuvlvheieux
lhvffeux
swgbgsfcbeic
cuzveu
xbgufo
olbqsc
svufbgofcj
sgoweux
bczveuo
fglo
jcsF
ctpgbkcj
owvbfcu
ogllcj
xmbgfcj
ofqux
ngxcj
Bqgbbch
pgujecj
xqgbjcj
lbcjcfcbteucj
gpgfco
cuoqc
pqffbcoocj
neleux
bcoswcjqhc
fgbueow
yvqujcbeux
euoqhgfeux
jehqfeux
osvvlcj
sbqoweux
sbquswcj
bvqfcj
osguo
lgbcj
bqppcbAucskeux
wgtlcbeux
lgdcj
fvqsweux
olbgux
bcgyyebtcj
jeolcboeux
pegocj
ocgbswcj
swgbbcj
onqux
jcbgeh
jegxuvocj
tgfcj
ngowcj
lbvxbcoocj
fcgocj
yccjeux
lcboeofcj
lcckeux
deoqgheieux
lvkeux
shvxxeux
shvxxcj
euocbfeux
euzcsfeux
omuswbvueicj
yhgowco
yhgoweux
crsefcj
crlcbetcufcj
svufbgjesfeux
jcybgqjcj
swcgfcj
teobclbcocufeux
gllbgeocj
shgtl
qujcbnbefeux
tgujgfeux
bcoqbbcsf
swcneux
crfbesgfc
hexwf
wqbheux
owgblcu
pqjjeux
cufvtpcj
lveovucj
jcuvteugfcj
yhel
svudcuc
owgdeux
teueux
vqflgsc
svtpeuco
octeyeueowcj
sgow
yhvllcj
oqpAqujcbnbefeux
sgbcj
fbeskheux
Bqcofevuo
ohesc
ofbedco
cbb
weujcbo
lgueskcj
cuhexwfcucj
olebefcj
bvgtcj
oucgkcj
yhcc
nweffhcj
bcvlcu
lwvfvxbglweux
kcfswql
lbvdeoevueux
etlhgufeux
jcyhcsfeux
get
jvnuoeic
ncj
sguucj
jcfgeueux
sguueux
jcbgehcj
weujcbcj
jeolchhcj
jclbcooco
pqvmo
sbvl
ncexwfcj
oqbdcm
yehfcbo
tcbswgujeoeux
olebgheux
ofvlleux
jclcujcj
jneujheux
xvpphcj
gdcbf
ygkcj
jeoocsfcj
ougkco
euycbbcj
bcowglcj
olbqux
tctvbegheicj
qutgoko
lqbxco
lbvxbgttcj
crgscbpgfco
jcgjhvskcj
gsBqef
bcfbm
pbecycj
xhgic
lvhh
lbcAfbm
lbvyehc
owvcAwvbu
nejvncj
wgujesgllcj
jeosvhvbcj
lbcAfcofcj
ngfswco
gjdgufgxc
osvyy
fesk
vqfjvuc
svtlbcoocj
yvgteux
svqufcbdgeheux
eufcbycbeux
svufbgsfo
sglefqhgfcj
nefwjbgneux
bcdvhqfevueicj
gjzvqbucj
fghhmeux
jcfcofo
gngbjeux
wqtgueieux
lbcAbcxeofcb
lbcAbcxeofcbcj
golebeux
ocdcbcj
ofbgujeux
svuucsfo
svttqfeux
vlf
tgucqdcbcj
quhcgowcj
ofbvjc
qujcbnwchtcj
nbexxheux
svttquesgfcj
sgofheux
oeicj
owqyyhcj
jcuqjc
ncgoheux
otchheux
jcdegfcj
phqujcbcj
swgoc
gllbcsegfeux
gssbcfcj
ouqppeux
wgofcucj
lefswco
dmeux
ghhmeux
lgbfgkc
ybgusweocj
ngbbgufo
nefwwvhjeux
ygowevucj
pcwgdco
jctvsbgfeic
wvuvbcj
gsejeyecj
okmbvskcfeux
teueteicj
bcetlvoc
sheux
oeiiheux
tgfswco
ucfnvbkeux
swcbeowcj
cBqgfcj
jeoselheucj
qujcbcofetgfcj
gooetehgfc
oqt
osbqfeueic
jeoogfeoyecj
jeocuxgxc
euofefqfc
tgofcbcj
oqpfbgsf
bqyyhcj
svAcjefo
cuxeuccbeux
qusvuovhejgfcj
tebbvbcj
jcngfcbeux
crfeuxqeow
jvnuoeieux
cuuqtcbgfcj
lvheow
bcdvkcj
lbgeoc
bcdvkeux
cdghqgfcj
xbvooeux
lbvxbgtteux
gllveuf
Bqgheyecj
osbgfsw
wgtofbqux
neowcj
qujcbnbvfc
swellcj
owbquk
oelwvueux
lhvf
eudcufeux
wvqoco
ogujneswcj
shqfsweux
ctpbgsc
bcskvuo
fbguogsfcj
scufbgheic
wgtlcbo
zvkc
Bqgowcj
qubgdcheux
uqbfqbc
yvbxcj
fcgtcj
ovncj
pgffhc
yeueowco
bgf
svuyejeux
ocsvujAxqcoocj
nefucoo
jclhvbeux
bcoseujeux
crlhvjeux
pvtp
googooeugfc
ofbgyc
pehhvneux
vposqbcj
olcncj
wgujleskcj
phgskcucj
olehhcj
bgttcj
goocoocj
ochyAjcofbqsfcj
svAwvof
tcow
omujsegfcj
yhqsfqgfc
hvgjeux
qujcblcbyvbt
qujcblcbyvbtcj
pcbgfcj
hcgu
nefwofvvj
fvoo
bcowqyyhcj
oqpoqtcj
ofbcfswco
jeosbcjef
glvhvxeicj
oqssqtpeux
vdcboccu
shgow
svquocho
lbctecbc
gtvbfeic
eufcbcofo
pgehcj
pqbuf
fwbedco
bclgskgxeux
vdcbwguxeux
ghhcdegfeux
lvf
fneofo
oswvvh
eohgujo
cushvoeux
bet
yeiico
olvffeux
sbgskhc
sbqeoc
nexxheux
Bqcbeco
leskeu
swqskheux
iexAigx
yvbto
nwvvleux
yhvgfo
nwvvow
svbbcsfo
oqllheco
lgfbvueicj
nexxhcj
vdcbctlwgoeic
jbvnu
vssqlecj
nclf
heBqcym
lvujcbeux
yvbpejjcu
fgbbcj
bcjebcsfcj
lefo
pgbo
zcvlgbjeieux
lvhhqfeux
hvjxc
lbcAoexucj
gllbgeoc
phqbbcj
oqyyescj
lqbswgoco
gngefo
eufcbycbcj
olbgmeux
nbguxheux
crlcjefc
oqllhctcuf
bczcsfo
gllbcsegfco
hcgoco
pbcgswcj
jeotgufhcj
svttctvbgfcj
owbvqjcj
svuycbbeux
svudcuco
bcowglc
sbefeseieux
xqgbgufcceux
pghhvvuo
shgbeyecj
jeobqlfeux
bgskcfccbeux
fbckkcj
oqpdcbf
felfvcj
swgebcj
lbetcj
hgow
bctgbko
svtlch
jebcsfeux
pbgsc
oexwcj
ettexbgfcj
olcseyeco
lbvyehcj
tchjo
jbcgteux
ofglheux
otvkco
lgqoeux
lbcycbo
lgbfeco
qubvhho
pgbeux
jbcgtcj
guuc
xhgtvbeic
eufbvjqsco
ctexbgfcj
jctvfcj
lbvvybcgjeux
yhvskeux
ofmtecj
gpgfeux
xbgllhc
olcgbwcgjeux
yehfcbeux
gpofgeucj
bcocbdco
nebc
oetqhgfc
fbguohgfeux
oqblbeoeux
jngbyo
ugtcAjbvlo
onvbc
vdcbhvvkeux
pqhhjvicj
onetteux
hgpcho
lwvuc
sebshco
icbveux
svuscedcj
xcucbgheic
jeteueoweux
fcofAjbedc
fbqsko
gnvkc
olbvqfeux
bgleux
jex
yehswcj
pqsko
lght
oBqgujcbeux
bcoctpheux
pbepc
phgic
pheuk
leux
leuxeux
yechjcj
hgqujcbeux
qllcj
o
ofvtlcj
heofcucj
svtlhetcuf
osgujgheicj
oneuxo
tcgujcbo
pbcgfwcj
pchecj
wqtphcj
pgffcb
hvvt
pvgof
dgueoweux
bcskvucj
jchexwfo
svuoqhf
svttguj
bvquj
sveucj
crwgqof
gbbcof